RUN	acetoys.AceToysSimulation	acetoyssimulation	1671551878825	test	3.8.4
USER	AceToysSimulation	START	1671551879638
REQUEST		Home Page	1671551879636	1671551879798	OK	 
REQUEST		Our Story Page	1671551881922	1671551881977	OK	 
REQUEST		Get in Touch Page	1671551883983	1671551884035	OK	 
REQUEST		All Products	1671551886050	1671551886154	OK	 
REQUEST		Babies Toys	1671551888171	1671551888271	OK	 
REQUEST		Kids Toys	1671551890280	1671551890384	OK	 
REQUEST		Grown-ups toys	1671551892394	1671551892498	KO	css((#CategoryName,None)).find.is(Grown-ups toys), but actually found Grown-ups Toys
REQUEST		Pagination Category Page 1	1671551894504	1671551894611	OK	 
REQUEST		Pagination Category Page 2	1671551896619	1671551896717	OK	 
REQUEST		Pagination Category Page 3	1671551898723	1671551898782	OK	 
REQUEST		Load Products Details Page - Product: Darts Board	1671551900786	1671551900848	OK	 
REQUEST		Add Cart 20	1671551902851	1671551902908	OK	 
REQUEST		Add Cart 13	1671551904911	1671551904966	OK	 
REQUEST		Add Cart 16	1671551906970	1671551907020	OK	 
REQUEST		Cart View	1671551909022	1671551909076	OK	 
REQUEST		Cart View Redirect 1	1671551909083	1671551909132	OK	 
REQUEST		Login	1671551911140	1671551911193	OK	 
REQUEST		Login Redirect 1	1671551911195	1671551911245	OK	 
REQUEST		Add Cart 20 count	1671551913252	1671551913303	OK	 
REQUEST		Add Cart 20 count Redirect 1	1671551913304	1671551913356	OK	 
REQUEST		Add Cart 20 count	1671551915360	1671551915418	OK	 
REQUEST		Add Cart 20 count Redirect 1	1671551915419	1671551915478	OK	 
REQUEST		Add Cart 20 count	1671551917482	1671551917531	OK	 
REQUEST		Add Cart 20 count Redirect 1	1671551917532	1671551917586	OK	 
REQUEST		Add Cart 13 count	1671551919590	1671551919639	OK	 
REQUEST		Add Cart 13 count Redirect 1	1671551919639	1671551919690	OK	 
REQUEST		Subtract Cart 20	1671551921695	1671551921750	OK	 
REQUEST		Subtract Cart 20 Redirect 1	1671551921751	1671551921801	OK	 
REQUEST		Checkout	1671551923804	1671551923851	OK	 
REQUEST		Checkout Redirect 1	1671551923852	1671551923903	OK	 
USER	AceToysSimulation	END	1671551925914
