RUN	acetoys.AceToysSimulation	acetoyssimulation	1671473183685	test	3.8.4
USER	AceToysSimulation	START	1671473184945
REQUEST		Home Page	1671473184943	1671473185194	OK	 
REQUEST		Our Story Page	1671473187300	1671473187434	OK	 
REQUEST		Get in Touch Page	1671473189443	1671473189507	OK	 
REQUEST		All Categories Page	1671473191511	1671473191636	OK	 
REQUEST		Pagination Category Page 1	1671473193654	1671473193769	OK	 
REQUEST		Pagination Category Page 2	1671473195779	1671473195893	OK	 
REQUEST		Pagination Category Page 3	1671473197902	1671473197972	OK	 
REQUEST		Load Products Details Page - Product: Darts Board	1671473199977	1671473200045	OK	 
REQUEST		Add Cart 20	1671473202052	1671473202117	OK	 
REQUEST		Grown Ups Toys Category	1671473204120	1671473204234	OK	 
REQUEST		Add Cart 13	1671473206241	1671473206298	OK	 
REQUEST		Add Cart 16	1671473208300	1671473208637	OK	 
REQUEST		Cart View	1671473210639	1671473210698	OK	 
REQUEST		Cart View Redirect 1	1671473210704	1671473210763	OK	 
REQUEST		Login	1671473212772	1671473212829	OK	 
REQUEST		Login Redirect 1	1671473212830	1671473212894	OK	 
REQUEST		Add Cart 20 count	1671473214903	1671473214974	OK	 
REQUEST		Add Cart 20 count Redirect 1	1671473214975	1671473215036	OK	 
REQUEST		Add Cart 20 count	1671473217041	1671473217100	OK	 
REQUEST		Add Cart 20 count Redirect 1	1671473217101	1671473217160	OK	 
REQUEST		Add Cart 20 count	1671473219165	1671473219262	OK	 
REQUEST		Add Cart 20 count Redirect 1	1671473219263	1671473219513	OK	 
REQUEST		Add Cart 13 count	1671473221519	1671473221576	OK	 
REQUEST		Add Cart 13 count Redirect 1	1671473221577	1671473221639	OK	 
REQUEST		Subtract Cart 20	1671473223645	1671473223715	OK	 
REQUEST		Subtract Cart 20 Redirect 1	1671473223716	1671473223776	OK	 
REQUEST		Checkout	1671473225781	1671473225848	OK	 
REQUEST		Checkout Redirect 1	1671473225849	1671473225906	OK	 
REQUEST		Logout	1671473227911	1671473227969	OK	 
REQUEST		Logout Redirect 1	1671473227970	1671473228078	KO	css((#Login,None)).find.is(Login), but actually found nothing
USER	AceToysSimulation	END	1671473228086
