RUN	acetoys.AceToysSimulation	acetoyssimulation	1672184565075	test	3.8.4
USER	High Purchase Load Test	START	1672184566475
USER	High Purchase Load Test	START	1672184566476
USER	High Purchase Load Test	START	1672184566475
USER	High Purchase Load Test	START	1672184566475
USER	High Purchase Load Test	START	1672184566475
USER	High Purchase Load Test	START	1672184566475
USER	High Purchase Load Test	START	1672184566475
USER	High Purchase Load Test	START	1672184566475
USER	High Purchase Load Test	START	1672184566476
USER	High Purchase Load Test	START	1672184566475
REQUEST		Home Page	1672184566472	1672184566809	OK	 
REQUEST		Home Page	1672184566472	1672184566785	OK	 
REQUEST		Home Page	1672184566472	1672184566793	OK	 
REQUEST		Home Page	1672184566472	1672184566781	OK	 
REQUEST		Home Page	1672184566473	1672184566781	OK	 
REQUEST		Home Page	1672184566472	1672184566792	OK	 
REQUEST		Home Page	1672184566472	1672184566813	OK	 
REQUEST		Home Page	1672184566473	1672184566785	OK	 
REQUEST		Home Page	1672184566472	1672184566787	OK	 
REQUEST		Home Page	1672184566472	1672184566813	OK	 
REQUEST		Our Story Page	1672184567902	1672184567950	OK	 
REQUEST		Our Story Page	1672184567902	1672184567953	OK	 
REQUEST		Our Story Page	1672184567902	1672184567954	OK	 
REQUEST		Our Story Page	1672184567902	1672184567956	OK	 
REQUEST		All Products	1672184567998	1672184568098	OK	 
REQUEST		Babies Toys	1672184568630	1672184568716	OK	 
REQUEST		Kids Toys	1672184568972	1672184569064	OK	 
REQUEST		Get in Touch Page	1672184569182	1672184569230	OK	 
REQUEST		Get in Touch Page	1672184569219	1672184569270	OK	 
REQUEST		Grown-ups Toys	1672184569287	1672184569375	OK	 
REQUEST		Get in Touch Page	1672184569504	1672184569552	OK	 
REQUEST		All Products	1672184569492	1672184569582	OK	 
REQUEST		Get in Touch Page	1672184569788	1672184569833	OK	 
REQUEST		Babies Toys	1672184569842	1672184569936	OK	 
REQUEST		Load Products Details Page - Product: VR Headset	1672184570286	1672184570338	OK	 
REQUEST		Load Products Details Page - Product: Assorted Building Blocks	1672184570328	1672184570385	OK	 
REQUEST		Kids Toys	1672184570563	1672184570655	OK	 
REQUEST		Load Products Details Page - Product: Rubicks Cube	1672184570794	1672184570844	OK	 
REQUEST		Load Products Details Page - Product: Doctors Play Kit	1672184570867	1672184570916	OK	 
REQUEST		Load Products Details Page - Product: Hopscotch Kit	1672184571394	1672184571439	OK	 
REQUEST		Grown-ups Toys	1672184571420	1672184571517	OK	 
REQUEST		Add Cart Rubicks Cube	1672184571854	1672184571902	OK	 
REQUEST		Home Page	1672184571904	1672184571952	OK	 
REQUEST		Add Cart VR Headset	1672184572225	1672184572285	OK	 
REQUEST		Home Page	1672184572287	1672184572334	OK	 
REQUEST		All Products	1672184572268	1672184572361	OK	 
REQUEST		Load Products Details Page - Product: Poker Set	1672184572748	1672184572801	OK	 
REQUEST		Babies Toys	1672184572748	1672184572843	OK	 
REQUEST		Add Cart Doctors Play Kit	1672184573053	1672184573103	OK	 
REQUEST		Add Cart Hopscotch Kit	1672184573068	1672184573112	OK	 
REQUEST		Login User	1672184573110	1672184573154	OK	 
REQUEST		Login User	1672184573113	1672184573156	OK	 
REQUEST		Login User Redirect 1	1672184573159	1672184573206	OK	 
REQUEST		Login User Redirect 1	1672184573159	1672184573210	OK	 
REQUEST		Cart View	1672184573211	1672184573256	OK	 
REQUEST		Cart View	1672184573208	1672184573256	OK	 
REQUEST		Add Cart Assorted Building Blocks	1672184573332	1672184573378	OK	 
REQUEST		Home Page	1672184573379	1672184573424	OK	 
REQUEST		Load page 1 of Products - Category: All Products	1672184573497	1672184573593	OK	 
REQUEST		Load page 2 of Products - Category: All Products	1672184573596	1672184573646	OK	 
REQUEST		Kids Toys	1672184573717	1672184573813	OK	 
REQUEST		Our Story Page	1672184574427	1672184574473	OK	 
REQUEST		Increase Product Quantity in Cart - Hopscotch Kit	1672184574477	1672184574523	OK	 
REQUEST		Increase Product Quantity in Cart - Hopscotch Kit Redirect 1	1672184574523	1672184574569	OK	 
REQUEST		Grown-ups Toys	1672184574949	1672184574999	OK	 
REQUEST		Increase Product Quantity in Cart - Doctors Play Kit	1672184575165	1672184575209	OK	 
REQUEST		Increase Product Quantity in Cart - Doctors Play Kit Redirect 1	1672184575210	1672184575262	OK	 
REQUEST		Load Products Details Page - Product: Furry Toys	1672184575362	1672184575410	OK	 
REQUEST		Add Cart Poker Set	1672184575386	1672184575441	OK	 
REQUEST		Home Page	1672184575442	1672184575490	OK	 
REQUEST		All Products	1672184575412	1672184575507	OK	 
REQUEST		Load Products Details Page - Product: Fake Donuts	1672184575876	1672184575930	OK	 
REQUEST		Babies Toys	1672184575932	1672184576032	OK	 
REQUEST		Load Products Details Page - Product: Scrabble Set	1672184576065	1672184576123	OK	 
REQUEST		Get in Touch Page	1672184576532	1672184576590	OK	 
REQUEST		Load Products Details Page - Product: Vintage Minature Car	1672184576543	1672184576592	OK	 
REQUEST		Kids Toys	1672184576594	1672184576688	OK	 
REQUEST		Decrease Product Quantity in Cart - Hopscotch Kit	1672184577163	1672184577208	OK	 
REQUEST		Decrease Product Quantity in Cart - Hopscotch Kit Redirect 1	1672184577208	1672184577262	OK	 
REQUEST		Load page 1 of Products - Category: All Products	1672184577431	1672184577526	OK	 
REQUEST		Load page 2 of Products - Category: All Products	1672184577528	1672184577578	OK	 
REQUEST		Load Products Details Page - Product: Poker Set	1672184577645	1672184577693	OK	 
REQUEST		Grown-ups Toys	1672184577786	1672184577875	OK	 
REQUEST		All Products	1672184577848	1672184577950	OK	 
REQUEST		Decrease Product Quantity in Cart - Doctors Play Kit	1672184577994	1672184578037	OK	 
REQUEST		Decrease Product Quantity in Cart - Doctors Play Kit Redirect 1	1672184578037	1672184578086	OK	 
REQUEST		Load Products Details Page - Product: VR Headset	1672184578046	1672184578093	OK	 
REQUEST		Babies Toys	1672184578095	1672184578182	OK	 
REQUEST		Add Cart Poker Set	1672184579046	1672184579093	OK	 
REQUEST		Add Cart Scrabble Set	1672184579066	1672184579113	OK	 
REQUEST		Home Page	1672184579094	1672184579144	OK	 
REQUEST		Home Page	1672184579114	1672184579166	OK	 
REQUEST		Checkout	1672184579317	1672184579364	OK	 
REQUEST		Checkout Redirect 1	1672184579364	1672184579414	OK	 
REQUEST		Checkout	1672184579770	1672184579814	OK	 
REQUEST		Checkout Redirect 1	1672184579814	1672184579861	OK	 
REQUEST		Load Products Details Page - Product: Furry Toys	1672184579822	1672184579871	OK	 
REQUEST		Kids Toys	1672184579874	1672184579970	OK	 
REQUEST		Load Products Details Page - Product: PS4 Controller	1672184579949	1672184580001	OK	 
REQUEST		Load Products Details Page - Product: Darts Board	1672184580445	1672184580493	OK	 
REQUEST		Grown-ups Toys	1672184580422	1672184580516	OK	 
REQUEST		Load Products Details Page - Product: Poker Set	1672184580523	1672184580572	OK	 
REQUEST		All Products	1672184580495	1672184580587	OK	 
REQUEST		Babies Toys	1672184580574	1672184580667	OK	 
REQUEST		Home Page	1672184580848	1672184580898	OK	 
REQUEST		Kids Toys	1672184581149	1672184581248	OK	 
REQUEST		Add Cart PS4 Controller	1672184581697	1672184581750	OK	 
REQUEST		Login User	1672184581753	1672184581813	OK	 
REQUEST		Login User Redirect 1	1672184581814	1672184581864	OK	 
REQUEST		Cart View	1672184581865	1672184581914	OK	 
REQUEST		Home Page	1672184581927	1672184581972	OK	 
REQUEST		Grown-ups Toys	1672184582020	1672184582107	OK	 
REQUEST		Load Products Details Page - Product: Fake Donuts	1672184582153	1672184582202	OK	 
REQUEST		Load Products Details Page - Product: Assorted Building Blocks	1672184582282	1672184582328	OK	 
REQUEST		Load page 1 of Products - Category: All Products	1672184582317	1672184582419	OK	 
REQUEST		All Products	1672184582330	1672184582419	OK	 
REQUEST		Load page 2 of Products - Category: All Products	1672184582421	1672184582471	OK	 
REQUEST		Load Products Details Page - Product: Rubicks Cube	1672184582805	1672184582863	OK	 
REQUEST		Babies Toys	1672184582866	1672184582964	OK	 
REQUEST		Our Story Page	1672184582974	1672184583020	OK	 
REQUEST		Add Cart Fake Donuts	1672184583225	1672184583350	OK	 
REQUEST		Login User	1672184583351	1672184583417	OK	 
REQUEST		Login User Redirect 1	1672184583417	1672184583467	OK	 
REQUEST		Load Products Details Page - Product: Train Toy	1672184583429	1672184583477	OK	 
REQUEST		Cart View	1672184583468	1672184583520	OK	 
REQUEST		Load Products Details Page - Product: Poker Set	1672184583973	1672184584026	OK	 
REQUEST		Load Products Details Page - Product: Wooden Baby Worm	1672184584007	1672184584056	OK	 
REQUEST		Home Page	1672184584028	1672184584076	OK	 
REQUEST		Load Products Details Page - Product: Furry Toys	1672184584232	1672184584281	OK	 
REQUEST		Home Page	1672184584283	1672184584340	OK	 
REQUEST		Increase Product Quantity in Cart - PS4 Controller	1672184584599	1672184584646	OK	 
REQUEST		Add Cart Train Toy	1672184584648	1672184584696	OK	 
REQUEST		Increase Product Quantity in Cart - PS4 Controller Redirect 1	1672184584647	1672184584700	OK	 
REQUEST		Login User	1672184584697	1672184584746	OK	 
REQUEST		Increase Product Quantity in Cart - Fake Donuts	1672184584747	1672184584793	OK	 
REQUEST		Login User Redirect 1	1672184584747	1672184584797	OK	 
REQUEST		Increase Product Quantity in Cart - Fake Donuts Redirect 1	1672184584793	1672184584843	OK	 
REQUEST		Cart View	1672184584798	1672184584858	OK	 
REQUEST		Load Products Details Page - Product: Assorted Building Blocks	1672184584803	1672184584859	OK	 
REQUEST		Load page 1 of Products - Category: All Products	1672184584781	1672184584873	OK	 
REQUEST		Home Page	1672184584860	1672184584910	OK	 
REQUEST		Load page 2 of Products - Category: All Products	1672184584875	1672184584929	OK	 
REQUEST		Our Story Page	1672184585342	1672184585391	OK	 
REQUEST		Get in Touch Page	1672184585635	1672184585688	OK	 
REQUEST		Kids Toys	1672184585628	1672184585728	OK	 
REQUEST		Load Products Details Page - Product: Scrabble Set	1672184585949	1672184585999	OK	 
REQUEST		Grown-ups Toys	1672184586002	1672184586098	OK	 
REQUEST		All Products	1672184586286	1672184586388	OK	 
REQUEST		Load Products Details Page - Product: Vintage Minature Car	1672184586369	1672184586416	OK	 
REQUEST		Home Page	1672184586417	1672184586468	OK	 
REQUEST		Decrease Product Quantity in Cart - Fake Donuts	1672184586454	1672184586500	OK	 
REQUEST		Decrease Product Quantity in Cart - Fake Donuts Redirect 1	1672184586501	1672184586549	OK	 
REQUEST		Add Cart Wooden Baby Worm	1672184586816	1672184586863	OK	 
REQUEST		Home Page	1672184586864	1672184586914	OK	 
REQUEST		Decrease Product Quantity in Cart - PS4 Controller	1672184587041	1672184587090	OK	 
REQUEST		Decrease Product Quantity in Cart - PS4 Controller Redirect 1	1672184587091	1672184587143	OK	 
REQUEST		Increase Product Quantity in Cart - Train Toy	1672184587241	1672184587285	OK	 
REQUEST		Increase Product Quantity in Cart - Train Toy Redirect 1	1672184587285	1672184587331	OK	 
REQUEST		Get in Touch Page	1672184587452	1672184587502	OK	 
REQUEST		Babies Toys	1672184587598	1672184587692	OK	 
REQUEST		Kids Toys	1672184587638	1672184587732	OK	 
REQUEST		Our Story Page	1672184587916	1672184587964	OK	 
REQUEST		Decrease Product Quantity in Cart - Train Toy	1672184588392	1672184588436	OK	 
REQUEST		Decrease Product Quantity in Cart - Train Toy Redirect 1	1672184588437	1672184588482	OK	 
REQUEST		Load Products Details Page - Product: Coloured Building Blocks	1672184588673	1672184588724	OK	 
REQUEST		Checkout	1672184588806	1672184588855	OK	 
REQUEST		Checkout Redirect 1	1672184588855	1672184588909	OK	 
REQUEST		Grown-ups Toys	1672184588914	1672184589011	OK	 
REQUEST		Load Products Details Page - Product: US Style Basketball	1672184589165	1672184589216	OK	 
REQUEST		Checkout	1672184589392	1672184589439	OK	 
REQUEST		Checkout Redirect 1	1672184589440	1672184589490	OK	 
REQUEST		Load Products Details Page - Product: Assorted Building Blocks	1672184590037	1672184590088	OK	 
REQUEST		Checkout	1672184590339	1672184590391	OK	 
REQUEST		Checkout Redirect 1	1672184590392	1672184590453	OK	 
REQUEST		Get in Touch Page	1672184590404	1672184590454	OK	 
REQUEST		Load Products Details Page - Product: Wooden Baby Worm	1672184590723	1672184590768	OK	 
REQUEST		Home Page	1672184590769	1672184590815	OK	 
REQUEST		Add Cart Coloured Building Blocks	1672184590970	1672184591019	OK	 
REQUEST		Login User	1672184591020	1672184591071	OK	 
REQUEST		Login User Redirect 1	1672184591072	1672184591126	OK	 
REQUEST		Cart View	1672184591128	1672184591176	OK	 
REQUEST		Home Page	1672184591265	1672184591314	OK	 
REQUEST		Load Products Details Page - Product: Darts Board	1672184591412	1672184591459	OK	 
REQUEST		All Products	1672184591460	1672184591561	OK	 
REQUEST		Home Page	1672184591623	1672184591674	OK	 
REQUEST		Our Story Page	1672184591818	1672184591862	OK	 
REQUEST		Add Cart US Style Basketball	1672184591951	1672184591998	OK	 
REQUEST		Home Page	1672184591999	1672184592050	OK	 
REQUEST		Load Products Details Page - Product: Doctors Play Kit	1672184592465	1672184592511	OK	 
REQUEST		Increase Product Quantity in Cart - Coloured Building Blocks	1672184592554	1672184592602	OK	 
REQUEST		Babies Toys	1672184592512	1672184592606	OK	 
REQUEST		Increase Product Quantity in Cart - Coloured Building Blocks Redirect 1	1672184592603	1672184592651	OK	 
REQUEST		Add Cart Assorted Building Blocks	1672184592898	1672184592942	OK	 
REQUEST		Login User	1672184592944	1672184592986	OK	 
REQUEST		Login User Redirect 1	1672184592987	1672184593038	OK	 
REQUEST		Cart View	1672184593039	1672184593098	OK	 
REQUEST		Our Story Page	1672184593051	1672184593101	OK	 
REQUEST		Load page 1 of Products - Category: All Products	1672184593172	1672184593273	OK	 
REQUEST		Home Page	1672184593241	1672184593287	OK	 
REQUEST		Load page 2 of Products - Category: All Products	1672184593275	1672184593324	OK	 
REQUEST		Kids Toys	1672184593354	1672184593448	OK	 
REQUEST		Get in Touch Page	1672184593511	1672184593556	OK	 
REQUEST		Grown-ups Toys	1672184593673	1672184593767	OK	 
REQUEST		Decrease Product Quantity in Cart - Coloured Building Blocks	1672184593861	1672184593913	OK	 
REQUEST		Decrease Product Quantity in Cart - Coloured Building Blocks Redirect 1	1672184593913	1672184593971	OK	 
REQUEST		All Products	1672184594089	1672184594183	OK	 
REQUEST		Our Story Page	1672184594289	1672184594338	OK	 
REQUEST		Get in Touch Page	1672184594356	1672184594406	OK	 
REQUEST		Load Products Details Page - Product: VR Headset	1672184594466	1672184594514	OK	 
REQUEST		Babies Toys	1672184594515	1672184594614	OK	 
REQUEST		Increase Product Quantity in Cart - Assorted Building Blocks	1672184595354	1672184595399	OK	 
REQUEST		Increase Product Quantity in Cart - Assorted Building Blocks Redirect 1	1672184595399	1672184595449	OK	 
REQUEST		Checkout	1672184595632	1672184595687	OK	 
REQUEST		Checkout Redirect 1	1672184595687	1672184595737	OK	 
REQUEST		Kids Toys	1672184595798	1672184595908	OK	 
USER	High Purchase Load Test	END	1672184596677
USER	High Purchase Load Test	END	1672184596753
USER	High Purchase Load Test	END	1672184597018
USER	High Purchase Load Test	END	1672184597040
USER	High Purchase Load Test	END	1672184597076
USER	High Purchase Load Test	END	1672184597082
USER	High Purchase Load Test	END	1672184597919
USER	High Purchase Load Test	END	1672184597979
USER	High Purchase Load Test	END	1672184598278
USER	High Purchase Load Test	END	1672184598789
