RUN	computerdatabase.ComputerDatabaseSimulation	computerdatabasesimulation	1670862923013	test	3.8.4
USER	Admins	START	1670862924146
USER	Users	START	1670862924146
REQUEST		Home	1670862924139	1670862924651	OK	 
REQUEST		Home	1670862924139	1670862924651	OK	 
REQUEST		Home Redirect 1	1670862924660	1670862924803	OK	 
REQUEST		Home Redirect 1	1670862924660	1670862924803	OK	 
USER	Users	START	1670862925108
REQUEST		Home	1670862925106	1670862925618	OK	 
REQUEST		Home Redirect 1	1670862925618	1670862925766	OK	 
REQUEST		Search	1670862925819	1670862925964	OK	 
REQUEST		Search	1670862925819	1670862925964	OK	 
USER	Users	START	1670862926109
REQUEST		Home	1670862926107	1670862926618	OK	 
REQUEST		Home Redirect 1	1670862926618	1670862926766	OK	 
REQUEST		Search	1670862926769	1670862926890	OK	 
USER	Users	START	1670862927103
REQUEST		Select	1670862927036	1670862927165	OK	 
REQUEST		Select	1670862927036	1670862927167	OK	 
REQUEST		Home	1670862927102	1670862927627	OK	 
REQUEST		Home Redirect 1	1670862927627	1670862927755	OK	 
REQUEST		Search	1670862927768	1670862927893	OK	 
REQUEST		Select	1670862927896	1670862928017	OK	 
USER	Users	START	1670862928103
REQUEST		Page 0	1670862928173	1670862928303	OK	 
REQUEST		Page 0	1670862928173	1670862928305	OK	 
REQUEST		Home	1670862928102	1670862928595	OK	 
REQUEST		Home Redirect 1	1670862928596	1670862928719	OK	 
REQUEST		Search	1670862928756	1670862928883	OK	 
REQUEST		Select	1670862928897	1670862929020	OK	 
USER	Users	START	1670862929103
USER	Admins	START	1670862929103
REQUEST		Page 0	1670862929020	1670862929161	OK	 
REQUEST		Page 1	1670862929307	1670862929439	OK	 
REQUEST		Page 1	1670862929308	1670862929440	OK	 
REQUEST		Home	1670862929103	1670862929612	OK	 
REQUEST		Home	1670862929102	1670862929622	OK	 
REQUEST		Home Redirect 1	1670862929613	1670862929742	OK	 
REQUEST		Home Redirect 1	1670862929623	1670862929751	OK	 
REQUEST		Search	1670862929722	1670862929848	OK	 
REQUEST		Select	1670862929889	1670862930016	OK	 
USER	Users	START	1670862930105
REQUEST		Page 0	1670862930023	1670862930175	OK	 
REQUEST		Page 1	1670862930163	1670862930284	OK	 
REQUEST		Page 2	1670862930442	1670862930573	OK	 
REQUEST		Page 2	1670862930442	1670862930575	OK	 
REQUEST		Home	1670862930104	1670862930647	OK	 
REQUEST		Home Redirect 1	1670862930648	1670862930780	OK	 
REQUEST		Search	1670862930746	1670862930869	OK	 
REQUEST		Search	1670862930753	1670862930879	OK	 
REQUEST		Select	1670862930852	1670862930979	OK	 
USER	Users	START	1670862931104
REQUEST		Page 0	1670862931019	1670862931146	OK	 
REQUEST		Page 1	1670862931178	1670862931304	OK	 
REQUEST		Page 2	1670862931288	1670862931410	OK	 
REQUEST		Home	1670862931103	1670862931595	OK	 
REQUEST		Page 3	1670862931575	1670862931719	OK	 
REQUEST		Page 3	1670862931577	1670862931720	OK	 
REQUEST		Home Redirect 1	1670862931595	1670862931723	OK	 
REQUEST		Search	1670862931783	1670862931914	OK	 
REQUEST		Select	1670862931872	1670862931996	OK	 
REQUEST		Select	1670862931882	1670862932009	OK	 
USER	Users	START	1670862932105
REQUEST		Page 0	1670862931983	1670862932167	OK	 
REQUEST		Page 1	1670862932149	1670862932291	OK	 
REQUEST		Page 2	1670862932307	1670862932430	OK	 
REQUEST		Page 3	1670862932412	1670862932532	OK	 
REQUEST		Home	1670862932103	1670862932601	OK	 
USER	Users	END	1670862932728
REQUEST		Home Redirect 1	1670862932602	1670862932729	OK	 
REQUEST		Form	1670862932722	1670862932847	OK	 
REQUEST		Search	1670862932725	1670862932847	OK	 
REQUEST		Select	1670862932922	1670862933059	OK	 
USER	Users	START	1670862933104
REQUEST		Page 0	1670862932998	1670862933126	OK	 
REQUEST		Page 0	1670862933011	1670862933136	OK	 
REQUEST		Page 1	1670862933169	1670862933294	OK	 
REQUEST		Page 2	1670862933293	1670862933419	OK	 
USER	Users	END	1670862933536
REQUEST		Page 3	1670862933433	1670862933555	OK	 
REQUEST		Home	1670862933103	1670862933600	OK	 
REQUEST		Home Redirect 1	1670862933600	1670862933730	OK	 
REQUEST		Search	1670862933731	1670862933856	OK	 
REQUEST		Select	1670862933850	1670862933974	OK	 
REQUEST		Post	1670862933856	1670862933977	OK	 
REQUEST		Post Redirect 1	1670862933988	1670862934110	KO	status.find.is(201), but actually found 200
REQUEST		Page 0	1670862934062	1670862934219	OK	 
REQUEST		Form	1670862934115	1670862934236	OK	 
REQUEST		Page 1	1670862934129	1670862934251	OK	 
REQUEST		Page 1	1670862934139	1670862934270	OK	 
REQUEST		Page 2	1670862934297	1670862934420	OK	 
REQUEST		Page 3	1670862934421	1670862934546	OK	 
USER	Users	END	1670862934558
REQUEST		Search	1670862934732	1670862934858	OK	 
REQUEST		Select	1670862934859	1670862934996	OK	 
REQUEST		Page 0	1670862934977	1670862935115	OK	 
REQUEST		Page 1	1670862935222	1670862935352	OK	 
REQUEST		Post	1670862935238	1670862935388	OK	 
REQUEST		Page 2	1670862935254	1670862935391	OK	 
REQUEST		Page 2	1670862935272	1670862935397	OK	 
REQUEST		Post Redirect 1	1670862935389	1670862935511	OK	 
USER	Admins	END	1670862935513
USER	Users	END	1670862935549
REQUEST		Page 3	1670862935423	1670862935560	OK	 
REQUEST		Select	1670862935862	1670862935996	OK	 
REQUEST		Page 0	1670862935998	1670862936124	OK	 
REQUEST		Page 1	1670862936119	1670862936245	OK	 
REQUEST		Page 2	1670862936354	1670862936483	OK	 
REQUEST		Page 3	1670862936394	1670862936545	OK	 
REQUEST		Page 3	1670862936400	1670862936548	OK	 
USER	Users	END	1670862936565
REQUEST		Page 0	1670862936999	1670862937136	OK	 
REQUEST		Page 1	1670862937127	1670862937253	OK	 
REQUEST		Page 2	1670862937248	1670862937375	OK	 
USER	Users	END	1670862937551
REQUEST		Page 3	1670862937486	1670862937632	OK	 
REQUEST		Form	1670862937547	1670862937674	OK	 
REQUEST		Page 1	1670862938138	1670862938270	OK	 
REQUEST		Page 2	1670862938255	1670862938384	OK	 
REQUEST		Page 3	1670862938377	1670862938505	OK	 
USER	Users	END	1670862938635
REQUEST		Post	1670862938676	1670862938808	OK	 
REQUEST		Post Redirect 1	1670862938809	1670862938930	OK	 
USER	Admins	END	1670862938932
REQUEST		Page 2	1670862939271	1670862939404	OK	 
USER	Users	END	1670862939508
REQUEST		Page 3	1670862939386	1670862939520	OK	 
USER	Users	END	1670862940524
REQUEST		Page 3	1670862940407	1670862940538	OK	 
USER	Users	END	1670862941542
