RUN	acetoys.AceToysSimulation	acetoyssimulation	1671557868009	tets	3.8.4
USER	AceToysSimulation	START	1671557869522
REQUEST		Home Page	1671557869520	1671557869678	OK	 
REQUEST		Our Story Page	1671557871784	1671557871848	OK	 
REQUEST		Get in Touch Page	1671557873856	1671557873912	OK	 
REQUEST		All Products	1671557875926	1671557876035	OK	 
REQUEST		Babies Toys	1671557878049	1671557878152	OK	 
REQUEST		Kids Toys	1671557880160	1671557880257	OK	 
REQUEST		Grown-ups Toys	1671557882267	1671557882388	OK	 
REQUEST		Pagination Category Page 1	1671557884395	1671557884504	OK	 
REQUEST		Pagination Category Page 2	1671557886512	1671557886617	OK	 
REQUEST		Pagination Category Page 3	1671557888624	1671557888680	OK	 
REQUEST		Load Products Details Page - Product: Train Toy	1671557890685	1671557890735	OK	 
REQUEST		Add Cart 20	1671557892739	1671557892790	OK	 
REQUEST		Add Cart 20	1671557894793	1671557894847	OK	 
REQUEST		Add Cart 20	1671557896850	1671557896907	OK	 
REQUEST		Cart View	1671557898910	1671557898959	OK	 
REQUEST		Cart View Redirect 1	1671557898965	1671557899015	OK	 
REQUEST		Login	1671557901028	1671557901079	OK	 
REQUEST		Login Redirect 1	1671557901079	1671557901131	OK	 
REQUEST		Add Cart 20 count	1671557903137	1671557903193	OK	 
REQUEST		Add Cart 20 count Redirect 1	1671557903194	1671557903241	OK	 
REQUEST		Add Cart 20 count Redirect 2	1671557903241	1671557903296	OK	 
REQUEST		Add Cart 20 count	1671557905300	1671557905349	OK	 
REQUEST		Add Cart 20 count Redirect 1	1671557905349	1671557905405	OK	 
REQUEST		Add Cart 20 count Redirect 2	1671557905406	1671557905455	OK	 
REQUEST		Add Cart 20 count	1671557907459	1671557907516	OK	 
REQUEST		Add Cart 20 count Redirect 1	1671557907517	1671557907565	OK	 
REQUEST		Add Cart 20 count Redirect 2	1671557907565	1671557907614	OK	 
REQUEST		Add Cart 13 count	1671557909625	1671557909681	OK	 
REQUEST		Add Cart 13 count Redirect 1	1671557909682	1671557909728	OK	 
REQUEST		Add Cart 13 count Redirect 2	1671557909729	1671557909777	OK	 
REQUEST		Subtract Cart 20	1671557911781	1671557911832	OK	 
REQUEST		Subtract Cart 20 Redirect 1	1671557911832	1671557911883	OK	 
REQUEST		Checkout	1671557913888	1671557913937	OK	 
REQUEST		Checkout Redirect 1	1671557913938	1671557913993	OK	 
REQUEST		Logout	1671557915998	1671557916049	OK	 
REQUEST		Logout Redirect 1	1671557916051	1671557916099	OK	 
USER	AceToysSimulation	END	1671557916104
