RUN	acetoys.AceToysSimulation	acetoyssimulation	1671644790297	dd	3.8.4
USER	AceToysSimulation	START	1671644791807
REQUEST		Home Page	1671644791805	1671644792114	OK	 
REQUEST		Our Story Page	1671644794224	1671644794613	OK	 
REQUEST		Get in Touch Page	1671644796619	1671644796876	OK	 
REQUEST		All Products	1671644798892	1671644799096	OK	 
REQUEST		Babies Toys	1671644801115	1671644801312	OK	 
REQUEST		Kids Toys	1671644803321	1671644803521	OK	 
REQUEST		Grown-ups Toys	1671644805527	1671644805746	OK	 
REQUEST		Pagination Category Page 1	1671644807752	1671644807949	OK	 
REQUEST		Pagination Category Page 2	1671644809956	1671644810194	OK	 
REQUEST		Pagination Category Page 3	1671644812201	1671644812309	OK	 
REQUEST		Load Products Details Page - Product: Hopscotch Kit	1671644814315	1671644814430	OK	 
REQUEST		Add Cart 12	1671644816435	1671644816536	OK	 
REQUEST		Add Cart 12	1671644818539	1671644818654	OK	 
REQUEST		Add Cart 12	1671644820666	1671644820772	OK	 
REQUEST		Login	1671644822783	1671644822893	OK	 
REQUEST		Login Redirect 1	1671644822897	1671644823004	OK	 
REQUEST		Cart View	1671644823006	1671644823110	OK	 
REQUEST		Cart View Redirect 1	1671644823111	1671644823211	OK	 
REQUEST		Add Cart 20 count	1671644825215	1671644825307	OK	 
REQUEST		Add Cart 20 count Redirect 1	1671644825308	1671644825402	OK	 
REQUEST		Add Cart 20 count Redirect 2	1671644825403	1671644825497	OK	 
REQUEST		Add Cart 20 count	1671644827501	1671644827598	OK	 
REQUEST		Add Cart 20 count Redirect 1	1671644827599	1671644827692	OK	 
REQUEST		Add Cart 20 count Redirect 2	1671644827693	1671644827798	OK	 
REQUEST		Add Cart 20 count	1671644829801	1671644829904	OK	 
REQUEST		Add Cart 20 count Redirect 1	1671644829905	1671644830000	OK	 
REQUEST		Add Cart 20 count Redirect 2	1671644830001	1671644830095	OK	 
REQUEST		Add Cart 13 count	1671644832099	1671644832201	OK	 
REQUEST		Add Cart 13 count Redirect 1	1671644832203	1671644832311	OK	 
REQUEST		Add Cart 13 count Redirect 2	1671644832312	1671644832407	OK	 
REQUEST		Subtract Cart 20	1671644834410	1671644834513	OK	 
REQUEST		Subtract Cart 20 Redirect 1	1671644834514	1671644834608	OK	 
REQUEST		Checkout	1671644836613	1671644836714	OK	 
REQUEST		Checkout Redirect 1	1671644836714	1671644836807	OK	 
USER	AceToysSimulation	END	1671644838812
