RUN	acetoys.AceToysSimulation	acetoyssimulation	1671554243213	test	3.8.4
USER	AceToysSimulation	START	1671554244301
REQUEST		Home Page	1671554244299	1671554244463	OK	 
REQUEST		Our Story Page	1671554246571	1671554246621	OK	 
REQUEST		Get in Touch Page	1671554248628	1671554248685	OK	 
REQUEST		All Products	1671554250701	1671554250801	OK	 
REQUEST		Babies Toys	1671554252817	1671554252918	OK	 
REQUEST		Kids Toys	1671554254926	1671554255026	OK	 
REQUEST		Grown-ups Toys	1671554257035	1671554257135	OK	 
REQUEST		Pagination Category Page 1	1671554259143	1671554259242	OK	 
REQUEST		Pagination Category Page 2	1671554261249	1671554261349	OK	 
REQUEST		Pagination Category Page 3	1671554263355	1671554263406	OK	 
REQUEST		Load Products Details Page - Product: Wooden Baby Worm	1671554265411	1671554265469	OK	 
REQUEST		Add Cart 2	1671554267475	1671554267525	OK	 
REQUEST		Add Cart 2	1671554269527	1671554269580	OK	 
REQUEST		Add Cart 2	1671554271583	1671554271638	OK	 
REQUEST		Cart View	1671554273640	1671554273693	OK	 
REQUEST		Cart View Redirect 1	1671554273697	1671554273747	OK	 
REQUEST		Login	1671554275756	1671554275823	OK	 
REQUEST		Login Redirect 1	1671554275823	1671554275872	OK	 
REQUEST		Add Cart 20 count	1671554277879	1671554277937	OK	 
REQUEST		Add Cart 20 count Redirect 1	1671554277937	1671554277988	OK	 
REQUEST		Add Cart 20 count	1671554279993	1671554280048	OK	 
REQUEST		Add Cart 20 count Redirect 1	1671554280049	1671554280099	OK	 
REQUEST		Add Cart 20 count	1671554282104	1671554282153	OK	 
REQUEST		Add Cart 20 count Redirect 1	1671554282154	1671554282206	OK	 
REQUEST		Add Cart 13 count	1671554284209	1671554284260	OK	 
REQUEST		Add Cart 13 count Redirect 1	1671554284261	1671554284312	OK	 
REQUEST		Subtract Cart 20	1671554286316	1671554286365	OK	 
REQUEST		Subtract Cart 20 Redirect 1	1671554286366	1671554286416	OK	 
REQUEST		Checkout	1671554288419	1671554288473	OK	 
REQUEST		Checkout Redirect 1	1671554288474	1671554288525	OK	 
USER	AceToysSimulation	END	1671554290531
