RUN	acetoys.AceToysSimulation	acetoyssimulation	1671045437383	test	3.8.4
USER	AceToysSimulation	START	1671045438646
REQUEST		Home Page	1671045438644	1671045438799	OK	 
REQUEST		Our Story Page	1671045440907	1671045440963	OK	 
REQUEST		Get in Touch Page	1671045442972	1671045443025	OK	 
REQUEST		All Categories Page	1671045445032	1671045445137	OK	 
REQUEST		Pagination Category Page 1	1671045447151	1671045447254	OK	 
REQUEST		Pagination Category Page 2	1671045449260	1671045449315	OK	 
REQUEST		Add Cart 20	1671045451321	1671045451385	OK	 
REQUEST		Grown Ups Toys Category	1671045453388	1671045453489	OK	 
REQUEST		Add Cart 20	1671045455495	1671045455546	OK	 
REQUEST		Cart View	1671045457549	1671045457596	OK	 
REQUEST		Cart View Redirect 1	1671045457605	1671045457652	OK	 
REQUEST		Login	1671045459663	1671045459722	OK	 
REQUEST		Login Redirect 1	1671045459723	1671045459775	OK	 
REQUEST		Add Cart 20 count	1671045461787	1671045461833	OK	 
REQUEST		Add Cart 20 count Redirect 1	1671045461833	1671045461880	OK	 
REQUEST		Add Cart 20 count	1671045463887	1671045463943	OK	 
REQUEST		Add Cart 20 count Redirect 1	1671045463945	1671045463993	OK	 
REQUEST		Add Cart 20 count	1671045466000	1671045466055	OK	 
REQUEST		Add Cart 20 count Redirect 1	1671045466057	1671045466107	OK	 
REQUEST		Add Cart 13 count	1671045468111	1671045468164	OK	 
REQUEST		Add Cart 13 count Redirect 1	1671045468164	1671045468213	OK	 
REQUEST		Subtract Cart 20	1671045470218	1671045470267	OK	 
REQUEST		Subtract Cart 20 Redirect 1	1671045470268	1671045470322	OK	 
REQUEST		Checkout	1671045472327	1671045472379	OK	 
REQUEST		Checkout Redirect 1	1671045472380	1671045472430	OK	 
REQUEST		Logout	1671045474434	1671045474485	OK	 
REQUEST		Logout Redirect 1	1671045474485	1671045474531	OK	 
USER	AceToysSimulation	END	1671045474535
