RUN	acetoys.AceToysSimulation	acetoyssimulation	1671470825121	test	3.8.4
USER	AceToysSimulation	START	1671470826129
REQUEST		Home Page	1671470826126	1671470826525	OK	 
REQUEST		Our Story Page	1671470828665	1671470828730	OK	 
REQUEST		Get in Touch Page	1671470830739	1671470830806	OK	 
REQUEST		All Categories Page	1671470832811	1671470832932	OK	 
REQUEST		Pagination Category Page 1	1671470834951	1671470835079	OK	 
REQUEST		Pagination Category Page 2	1671470837089	1671470837281	OK	 
REQUEST		Pagination Category Page 3	1671470839289	1671470839363	OK	 
REQUEST		Load Products Details Page - Product: Darts Board	1671470841368	1671470841434	OK	 
REQUEST		Add Cart 20	1671470843440	1671470843506	OK	 
REQUEST		Grown Ups Toys Category	1671470845509	1671470845627	OK	 
REQUEST		Add Cart 13	1671470847635	1671470847713	OK	 
REQUEST		Add Cart 16	1671470849717	1671470849775	OK	 
REQUEST		Cart View	1671470851777	1671470851948	OK	 
REQUEST		Cart View Redirect 1	1671470851953	1671470852060	OK	 
REQUEST		Login	1671470854071	1671470854129	OK	 
REQUEST		Login Redirect 1	1671470854130	1671470854190	OK	 
REQUEST		Add Cart 20 count	1671470856199	1671470856254	OK	 
REQUEST		Add Cart 20 count Redirect 1	1671470856254	1671470856314	OK	 
REQUEST		Add Cart 20 count	1671470858319	1671470858473	OK	 
REQUEST		Add Cart 20 count Redirect 1	1671470858474	1671470858547	OK	 
REQUEST		Add Cart 20 count	1671470860552	1671470860608	OK	 
REQUEST		Add Cart 20 count Redirect 1	1671470860609	1671470860677	OK	 
REQUEST		Add Cart 13 count	1671470862682	1671470862746	OK	 
REQUEST		Add Cart 13 count Redirect 1	1671470862747	1671470862811	OK	 
REQUEST		Subtract Cart 20	1671470864816	1671470864877	OK	 
REQUEST		Subtract Cart 20 Redirect 1	1671470864878	1671470864937	OK	 
REQUEST		Checkout	1671470866942	1671470867043	OK	 
REQUEST		Checkout Redirect 1	1671470867044	1671470867144	OK	 
REQUEST		Logout	1671470869148	1671470869201	OK	 
REQUEST		Logout Redirect 1	1671470869202	1671470869266	OK	 
USER	AceToysSimulation	END	1671470869274
