RUN	acetoys.AceToysSimulation	acetoyssimulation	1671757776962	 	3.8.4
USER	AceToysSimulation	START	1671757778250
REQUEST		Home Page	1671757778248	1671757778405	OK	 
REQUEST		Our Story Page	1671757780517	1671757780566	OK	 
REQUEST		Get in Touch Page	1671757782575	1671757782632	OK	 
REQUEST		All Products	1671757784648	1671757784755	OK	 
REQUEST		Load page 1 of Products - Category: All Products	1671757786783	1671757786880	OK	 
REQUEST		Load page 2 of Products - Category: All Products	1671757786890	1671757786938	OK	 
REQUEST		Load Products Details Page - Product: Playing Cards	1671757788946	1671757788995	OK	 
REQUEST		Add Cart Playing Cards	1671757791003	1671757791051	OK	 
REQUEST		Login User	1671757793062	1671757793114	OK	 
REQUEST		Login User Redirect 1	1671757793118	1671757793177	OK	 
REQUEST		Cart View	1671757793182	1671757793236	OK	 
REQUEST		Cart View Redirect 1	1671757793237	1671757793295	OK	 
REQUEST		Increase Product Quantity in Cart - Playing Cards	1671757795302	1671757795363	OK	 
REQUEST		Increase Product Quantity in Cart - Playing Cards Redirect 1	1671757795364	1671757795408	OK	 
REQUEST		Increase Product Quantity in Cart - Playing Cards Redirect 2	1671757795409	1671757795456	KO	css((#grandTotal,None)).find.is($19.98), but actually found nothing
REQUEST		Increase Product Quantity in Cart - Playing Cards	1671757797462	1671757797507	OK	 
REQUEST		Increase Product Quantity in Cart - Playing Cards Redirect 1	1671757797508	1671757797552	OK	 
REQUEST		Increase Product Quantity in Cart - Playing Cards Redirect 2	1671757797554	1671757797601	KO	css((#grandTotal,None)).find.is($29.97), but actually found nothing
REQUEST		Decrease Product Quantity in Cart - Playing Cards	1671757799607	1671757799654	OK	 
REQUEST		Decrease Product Quantity in Cart - Playing Cards Redirect 1	1671757799655	1671757799706	KO	css((#grandTotal,None)).find.is($19.98), but actually found nothing
REQUEST		Checkout	1671757801712	1671757801762	OK	 
REQUEST		Checkout Redirect 1	1671757801762	1671757801815	OK	 
REQUEST		Logout	1671757803821	1671757803873	OK	 
REQUEST		Logout Redirect 1	1671757803874	1671757803925	OK	 
USER	AceToysSimulation	END	1671757803932
