RUN	acetoys.AceToysSimulation	acetoyssimulation	1671639879025	test	3.8.4
USER	AceToysSimulation	START	1671639880736
REQUEST		Home Page	1671639880733	1671639881042	OK	 
REQUEST		Our Story Page	1671639883141	1671639883242	OK	 
REQUEST		Get in Touch Page	1671639885248	1671639885348	OK	 
REQUEST		All Products	1671639887367	1671639887580	OK	 
REQUEST		Babies Toys	1671639889598	1671639889790	OK	 
REQUEST		Kids Toys	1671639891801	1671639892036	OK	 
REQUEST		Grown-ups Toys	1671639894043	1671639894244	OK	 
REQUEST		Pagination Category Page 1	1671639896251	1671639896451	OK	 
REQUEST		Pagination Category Page 2	1671639898461	1671639898659	OK	 
REQUEST		Pagination Category Page 3	1671639900666	1671639900784	OK	 
REQUEST		Load Products Details Page - Product: PS4 Controller	1671639902790	1671639902891	OK	 
REQUEST		Add Cart 10	1671639904897	1671639904993	OK	 
REQUEST		Add Cart 10	1671639906996	1671639907095	OK	 
REQUEST		Add Cart 10	1671639909097	1671639909194	OK	 
REQUEST		Login	1671639911204	1671639911307	OK	 
REQUEST		Login Redirect 1	1671639911312	1671639911406	OK	 
REQUEST		Cart View	1671639911410	1671639911501	OK	 
REQUEST		Cart View Redirect 1	1671639911501	1671639911598	KO	css((#CategoryHeader,None)).find.is(Cart Overview), but actually found Login
REQUEST		Login	1671639913602	1671639913699	OK	 
REQUEST		Login Redirect 1	1671639913700	1671639913809	OK	 
REQUEST		Add Cart 20 count	1671639915812	1671639915911	OK	 
REQUEST		Add Cart 20 count Redirect 1	1671639915911	1671639916006	OK	 
REQUEST		Add Cart 20 count Redirect 2	1671639916007	1671639916101	OK	 
REQUEST		Add Cart 20 count	1671639918105	1671639918196	OK	 
REQUEST		Add Cart 20 count Redirect 1	1671639918197	1671639918288	OK	 
REQUEST		Add Cart 20 count Redirect 2	1671639918288	1671639918385	OK	 
REQUEST		Add Cart 20 count	1671639920390	1671639920493	OK	 
REQUEST		Add Cart 20 count Redirect 1	1671639920494	1671639920588	OK	 
REQUEST		Add Cart 20 count Redirect 2	1671639920589	1671639920684	OK	 
REQUEST		Add Cart 13 count	1671639922688	1671639922783	OK	 
REQUEST		Add Cart 13 count Redirect 1	1671639922784	1671639922874	OK	 
REQUEST		Add Cart 13 count Redirect 2	1671639922875	1671639922986	OK	 
REQUEST		Subtract Cart 20	1671639924990	1671639925142	OK	 
REQUEST		Subtract Cart 20 Redirect 1	1671639925143	1671639925324	OK	 
REQUEST		Checkout	1671639927328	1671639927418	OK	 
REQUEST		Checkout Redirect 1	1671639927419	1671639927511	OK	 
USER	AceToysSimulation	END	1671639929519
