RUN	acetoys.AceToysSimulation	acetoyssimulation	1671554099960	test	3.8.4
USER	AceToysSimulation	START	1671554101649
REQUEST		Home Page	1671554101646	1671554101804	OK	 
REQUEST		Our Story Page	1671554103909	1671554103959	OK	 
REQUEST		Get in Touch Page	1671554105966	1671554106021	OK	 
REQUEST		All Products	1671554108038	1671554108137	OK	 
REQUEST		Babies Toys	1671554110156	1671554110250	OK	 
REQUEST		Kids Toys	1671554112261	1671554112359	OK	 
REQUEST		Grown-ups Toys	1671554114367	1671554114470	OK	 
REQUEST		Pagination Category Page 1	1671554116475	1671554116571	OK	 
REQUEST		Pagination Category Page 2	1671554118577	1671554118672	OK	 
REQUEST		Pagination Category Page 3	1671554120678	1671554120728	OK	 
REQUEST		Load Products Details Page - Product: PS4 Controller	1671554122733	1671554122782	OK	 
REQUEST		Add Cart 10	1671554124789	1671554124837	OK	 
REQUEST		Add Cart 10	1671554126839	1671554126892	OK	 
REQUEST		Add Cart 10	1671554128895	1671554128943	OK	 
REQUEST		Cart View	1671554130945	1671554130998	OK	 
REQUEST		Cart View Redirect 1	1671554131003	1671554131049	OK	 
REQUEST		Login	1671554133058	1671554133115	OK	 
REQUEST		Login Redirect 1	1671554133116	1671554133170	OK	 
REQUEST		Add Cart 20 count	1671554135178	1671554135226	OK	 
REQUEST		Add Cart 20 count Redirect 1	1671554135226	1671554135281	OK	 
REQUEST		Add Cart 20 count	1671554137285	1671554137331	OK	 
REQUEST		Add Cart 20 count Redirect 1	1671554137332	1671554137380	OK	 
REQUEST		Add Cart 20 count	1671554139384	1671554139435	OK	 
REQUEST		Add Cart 20 count Redirect 1	1671554139436	1671554139487	OK	 
REQUEST		Add Cart 13 count	1671554141492	1671554141545	OK	 
REQUEST		Add Cart 13 count Redirect 1	1671554141545	1671554141592	OK	 
REQUEST		Subtract Cart 20	1671554143598	1671554143649	OK	 
REQUEST		Subtract Cart 20 Redirect 1	1671554143650	1671554143698	OK	 
REQUEST		Checkout	1671554145702	1671554145756	OK	 
REQUEST		Checkout Redirect 1	1671554145757	1671554145809	OK	 
USER	AceToysSimulation	END	1671554147815
