RUN	acetoys.AceToysSimulation	acetoyssimulation	1672181438936	test	3.8.4
USER	AceToysSimulation	START	1672181439883
REQUEST		Home Page	1672181439881	1672181440026	OK	 
REQUEST		Our Story Page	1672181441121	1672181441169	OK	 
REQUEST		Get in Touch Page	1672181442391	1672181442445	OK	 
REQUEST		All Products	1672181444272	1672181444374	OK	 
REQUEST		Load page 1 of Products - Category: All Products	1672181446165	1672181446254	OK	 
REQUEST		Load page 2 of Products - Category: All Products	1672181446261	1672181446307	OK	 
REQUEST		Load Products Details Page - Product: VR Headset	1672181448456	1672181448502	OK	 
REQUEST		Babies Toys	1672181448506	1672181448599	OK	 
REQUEST		Load Products Details Page - Product: VR Headset	1672181453676	1672181453729	OK	 
REQUEST		Kids Toys	1672181453731	1672181453823	OK	 
REQUEST		Load Products Details Page - Product: Poker Set	1672181456879	1672181456926	OK	 
REQUEST		Home Page	1672181456928	1672181456974	OK	 
REQUEST		Grown-ups Toys	1672181458554	1672181458640	OK	 
REQUEST		Load Products Details Page - Product: Coloured Building Blocks	1672181461244	1672181461296	OK	 
REQUEST		Add Cart Coloured Building Blocks	1672181464149	1672181464199	OK	 
REQUEST		Home Page	1672181464201	1672181464246	OK	 
REQUEST		All Products	1672181465937	1672181466047	OK	 
REQUEST		Load Products Details Page - Product: Fake Donuts	1672181467532	1672181467591	OK	 
REQUEST		Add Cart Fake Donuts	1672181470151	1672181470196	OK	 
REQUEST		Login User	1672181470201	1672181470246	OK	 
REQUEST		Login User Redirect 1	1672181470250	1672181470298	OK	 
REQUEST		Cart View	1672181470300	1672181470346	OK	 
REQUEST		Increase Product Quantity in Cart - Fake Donuts	1672181471841	1672181471898	OK	 
REQUEST		Increase Product Quantity in Cart - Fake Donuts Redirect 1	1672181471898	1672181471952	OK	 
REQUEST		Decrease Product Quantity in Cart - Fake Donuts	1672181474573	1672181474622	OK	 
REQUEST		Decrease Product Quantity in Cart - Fake Donuts Redirect 1	1672181474622	1672181474670	OK	 
REQUEST		Checkout	1672181477226	1672181477275	OK	 
REQUEST		Checkout Redirect 1	1672181477276	1672181477326	OK	 
USER	AceToysSimulation	END	1672181479219
