RUN	acetoys.AceToysSimulation	acetoyssimulation	1671049787990	test	3.8.4
USER	AceToysSimulation	START	1671049788866
REQUEST		Home Page	1671049788864	1671049789017	OK	 
REQUEST		Our Story Page	1671049791144	1671049791198	OK	 
REQUEST		Get in Touch Page	1671049793206	1671049793262	OK	 
REQUEST		All Categories Page	1671049795267	1671049795370	OK	 
REQUEST		Pagination Category Page 1	1671049797387	1671049797505	OK	 
REQUEST		Pagination Category Page 2	1671049799514	1671049799609	OK	 
REQUEST		Pagination Category Page 3	1671049801616	1671049801674	OK	 
REQUEST		Add Cart 20	1671049803679	1671049803731	OK	 
REQUEST		Grown Ups Toys Category	1671049805735	1671049805830	OK	 
REQUEST		Add Cart 20	1671049807838	1671049807886	OK	 
REQUEST		Cart View	1671049809889	1671049809942	OK	 
REQUEST		Cart View Redirect 1	1671049809946	1671049809995	OK	 
REQUEST		Login	1671049812005	1671049812053	OK	 
REQUEST		Login Redirect 1	1671049812054	1671049812102	OK	 
REQUEST		Add Cart 20 count	1671049814112	1671049814168	OK	 
REQUEST		Add Cart 20 count Redirect 1	1671049814169	1671049814218	OK	 
REQUEST		Add Cart 20 count	1671049816224	1671049816279	OK	 
REQUEST		Add Cart 20 count Redirect 1	1671049816280	1671049816329	OK	 
REQUEST		Add Cart 20 count	1671049818334	1671049818381	OK	 
REQUEST		Add Cart 20 count Redirect 1	1671049818382	1671049818430	OK	 
REQUEST		Add Cart 13 count	1671049820434	1671049820483	OK	 
REQUEST		Add Cart 13 count Redirect 1	1671049820484	1671049820532	OK	 
REQUEST		Subtract Cart 20	1671049822537	1671049822591	OK	 
REQUEST		Subtract Cart 20 Redirect 1	1671049822592	1671049822640	OK	 
REQUEST		Checkout	1671049824644	1671049824697	OK	 
REQUEST		Checkout Redirect 1	1671049824697	1671049824744	OK	 
REQUEST		Logout	1671049826748	1671049826793	OK	 
REQUEST		Logout Redirect 1	1671049826793	1671049826841	OK	 
USER	AceToysSimulation	END	1671049826845
