RUN	acetoys.AceToysSimulation	acetoyssimulation	1671644963404	n	3.8.4
USER	AceToysSimulation	START	1671644964627
REQUEST		Home Page	1671644964625	1671644964922	OK	 
REQUEST		Our Story Page	1671644967024	1671644967178	OK	 
REQUEST		Get in Touch Page	1671644969186	1671644969301	OK	 
REQUEST		All Products	1671644971313	1671644971515	OK	 
REQUEST		Babies Toys	1671644973528	1671644973730	OK	 
REQUEST		Kids Toys	1671644975740	1671644975968	OK	 
REQUEST		Grown-ups Toys	1671644977977	1671644978167	OK	 
REQUEST		Pagination Category Page 1	1671644980172	1671644980386	OK	 
REQUEST		Pagination Category Page 2	1671644982393	1671644982584	OK	 
REQUEST		Pagination Category Page 3	1671644984589	1671644985038	OK	 
REQUEST		Load Products Details Page - Product: VR Headset	1671644987042	1671644987150	OK	 
REQUEST		Add Cart 13	1671644989156	1671644989268	OK	 
REQUEST		Add Cart 13	1671644991272	1671644991370	OK	 
REQUEST		Add Cart 13	1671644993373	1671644993479	OK	 
REQUEST		Login	1671644995489	1671644995603	OK	 
REQUEST		Login Redirect 1	1671644995608	1671644995715	OK	 
REQUEST		Cart View	1671644995718	1671644995808	OK	 
REQUEST		Cart View Redirect 1	1671644995809	1671644995902	OK	 
REQUEST		Add Cart 20 count	1671644997905	1671644998016	OK	 
REQUEST		Add Cart 20 count Redirect 1	1671644998017	1671644998124	OK	 
REQUEST		Add Cart 20 count Redirect 2	1671644998125	1671644998238	OK	 
REQUEST		Add Cart 20 count	1671645000241	1671645000343	OK	 
REQUEST		Add Cart 20 count Redirect 1	1671645000343	1671645000444	OK	 
REQUEST		Add Cart 20 count Redirect 2	1671645000444	1671645000554	OK	 
REQUEST		Add Cart 20 count	1671645002558	1671645002686	OK	 
REQUEST		Add Cart 20 count Redirect 1	1671645002687	1671645002802	OK	 
REQUEST		Add Cart 20 count Redirect 2	1671645002803	1671645002906	OK	 
REQUEST		Add Cart 13 count	1671645004909	1671645005041	OK	 
REQUEST		Add Cart 13 count Redirect 1	1671645005042	1671645005155	OK	 
REQUEST		Add Cart 13 count Redirect 2	1671645005155	1671645005259	OK	 
REQUEST		Subtract Cart 20	1671645007264	1671645007371	OK	 
REQUEST		Subtract Cart 20 Redirect 1	1671645007372	1671645007470	OK	 
REQUEST		Cart View	1671645007473	1671645007563	OK	 
REQUEST		Cart View Redirect 1	1671645007564	1671645007666	OK	 
REQUEST		Checkout	1671645011671	1671645011779	OK	 
REQUEST		Checkout Redirect 1	1671645011780	1671645011886	OK	 
USER	AceToysSimulation	END	1671645013898
