RUN	acetoys.AceToysSimulation	acetoyssimulation	1671655453974	test	3.8.4
USER	AceToysSimulation	START	1671655455157
REQUEST		Home Page	1671655455155	1671655455321	OK	 
REQUEST		Our Story Page	1671655457431	1671655457484	OK	 
REQUEST		Get in Touch Page	1671655459492	1671655459553	OK	 
REQUEST		All Products	1671655461570	1671655461677	OK	 
REQUEST		Babies Toys	1671655463695	1671655463800	OK	 
REQUEST		Kids Toys	1671655465812	1671655465917	OK	 
REQUEST		Grown-ups Toys	1671655467927	1671655468024	OK	 
REQUEST		Load Products Details Page - Product: Darts Board	1671655472044	1671655472102	OK	 
REQUEST		Add Cart 19	1671655474108	1671655474167	OK	 
REQUEST		Add Cart 19	1671655476171	1671655476222	OK	 
REQUEST		Add Cart 19	1671655478226	1671655478280	OK	 
REQUEST		Login	1671655480293	1671655480350	OK	 
REQUEST		Login Redirect 1	1671655480356	1671655480409	OK	 
REQUEST		Cart View	1671655480413	1671655480460	OK	 
REQUEST		Cart View Redirect 1	1671655480460	1671655480512	OK	 
REQUEST		Add Cart 20 count	1671655482516	1671655482576	OK	 
REQUEST		Add Cart 20 count Redirect 1	1671655482576	1671655482626	OK	 
REQUEST		Add Cart 20 count Redirect 2	1671655482627	1671655482681	OK	 
REQUEST		Add Cart 20 count	1671655484687	1671655484737	OK	 
REQUEST		Add Cart 20 count Redirect 1	1671655484738	1671655484789	OK	 
REQUEST		Add Cart 20 count Redirect 2	1671655484790	1671655484840	OK	 
REQUEST		Add Cart 20 count	1671655486847	1671655486903	OK	 
REQUEST		Add Cart 20 count Redirect 1	1671655486904	1671655486952	OK	 
REQUEST		Add Cart 20 count Redirect 2	1671655486952	1671655487003	OK	 
REQUEST		Add Cart 13 count	1671655489008	1671655489068	OK	 
REQUEST		Add Cart 13 count Redirect 1	1671655489069	1671655489117	OK	 
REQUEST		Add Cart 13 count Redirect 2	1671655489117	1671655489175	OK	 
REQUEST		Subtract Cart 20	1671655491180	1671655491230	OK	 
REQUEST		Subtract Cart 20 Redirect 1	1671655491230	1671655491280	OK	 
REQUEST		Cart View	1671655491283	1671655491330	OK	 
REQUEST		Cart View Redirect 1	1671655491331	1671655491381	OK	 
REQUEST		Checkout	1671655495386	1671655495442	OK	 
REQUEST		Checkout Redirect 1	1671655495443	1671655495494	OK	 
USER	AceToysSimulation	END	1671655497504
