RUN	acetoys.AceToysSimulation	acetoyssimulation	1671049692168	test	3.8.4
USER	AceToysSimulation	START	1671049693080
REQUEST		Home Page	1671049693078	1671049693229	OK	 
REQUEST		Our Story Page	1671049695325	1671049695375	OK	 
REQUEST		Get in Touch Page	1671049697384	1671049697438	OK	 
REQUEST		All Categories Page	1671049699444	1671049699546	OK	 
REQUEST		Pagination Category Page 1	1671049701563	1671049701661	OK	 
REQUEST		Pagination Category Page 2	1671049703670	1671049703769	OK	 
REQUEST		Add Cart 20	1671049705779	1671049705833	OK	 
REQUEST		Grown Ups Toys Category	1671049707836	1671049707935	OK	 
REQUEST		Add Cart 20	1671049709943	1671049709993	OK	 
REQUEST		Cart View	1671049711996	1671049712043	OK	 
REQUEST		Cart View Redirect 1	1671049712047	1671049712094	OK	 
REQUEST		Login	1671049714106	1671049714155	OK	 
REQUEST		Login Redirect 1	1671049714156	1671049714207	OK	 
REQUEST		Add Cart 20 count	1671049716215	1671049716263	OK	 
REQUEST		Add Cart 20 count Redirect 1	1671049716264	1671049716312	OK	 
REQUEST		Add Cart 20 count	1671049718316	1671049718369	OK	 
REQUEST		Add Cart 20 count Redirect 1	1671049718370	1671049718418	OK	 
REQUEST		Add Cart 20 count	1671049720423	1671049720470	OK	 
REQUEST		Add Cart 20 count Redirect 1	1671049720471	1671049720521	OK	 
REQUEST		Add Cart 13 count	1671049722526	1671049722573	OK	 
REQUEST		Add Cart 13 count Redirect 1	1671049722574	1671049722622	OK	 
REQUEST		Subtract Cart 20	1671049724626	1671049724680	OK	 
REQUEST		Subtract Cart 20 Redirect 1	1671049724680	1671049724734	OK	 
REQUEST		Checkout	1671049726737	1671049726784	OK	 
REQUEST		Checkout Redirect 1	1671049726785	1671049726837	OK	 
REQUEST		Logout	1671049728841	1671049728887	OK	 
REQUEST		Logout Redirect 1	1671049728888	1671049728936	OK	 
USER	AceToysSimulation	END	1671049728942
