RUN	acetoys.AceToysSimulation	acetoyssimulation	1671656947894	test	3.8.4
USER	AceToysSimulation	START	1671656948909
REQUEST		Home Page	1671656948907	1671656949071	OK	 
REQUEST		Our Story Page	1671656951186	1671656951238	OK	 
REQUEST		Get in Touch Page	1671656953247	1671656953306	OK	 
REQUEST		All Products	1671656955324	1671656955427	OK	 
REQUEST		Babies Toys	1671656957445	1671656957543	OK	 
REQUEST		Kids Toys	1671656959556	1671656959654	OK	 
REQUEST		Grown-ups Toys	1671656961664	1671656961768	OK	 
REQUEST		Load Products Details Page - Product: Poker Set	1671656965790	1671656965848	OK	 
REQUEST		Add Cart 22	1671656967855	1671656967907	OK	 
REQUEST		Add Cart 22	1671656969911	1671656969962	OK	 
REQUEST		Add Cart 22	1671656971966	1671656972017	OK	 
REQUEST		Login	1671656974027	1671656974081	OK	 
REQUEST		Login Redirect 1	1671656974087	1671656974257	OK	 
REQUEST		Cart View	1671656974261	1671656974441	OK	 
REQUEST		Cart View Redirect 1	1671656974442	1671656974623	OK	 
REQUEST		Add Cart 20 count	1671656976628	1671656976678	OK	 
REQUEST		Add Cart 20 count Redirect 1	1671656976679	1671656976726	OK	 
REQUEST		Add Cart 20 count Redirect 2	1671656976727	1671656976779	OK	 
REQUEST		Add Cart 20 count	1671656978785	1671656978834	OK	 
REQUEST		Add Cart 20 count Redirect 1	1671656978834	1671656978882	OK	 
REQUEST		Add Cart 20 count Redirect 2	1671656978882	1671656978932	OK	 
REQUEST		Add Cart 20 count	1671656980937	1671656980994	OK	 
REQUEST		Add Cart 20 count Redirect 1	1671656980995	1671656981042	OK	 
REQUEST		Add Cart 20 count Redirect 2	1671656981043	1671656981093	OK	 
REQUEST		Add Cart 13 count	1671656983099	1671656983152	OK	 
REQUEST		Add Cart 13 count Redirect 1	1671656983152	1671656983200	OK	 
REQUEST		Add Cart 13 count Redirect 2	1671656983201	1671656983254	OK	 
REQUEST		Subtract Cart 20	1671656985259	1671656985314	OK	 
REQUEST		Subtract Cart 20 Redirect 1	1671656985315	1671656985366	OK	 
REQUEST		Cart View	1671656985369	1671656985441	OK	 
REQUEST		Cart View Redirect 1	1671656985442	1671656985492	OK	 
REQUEST		Checkout	1671656989499	1671656989549	OK	 
REQUEST		Checkout Redirect 1	1671656989550	1671656989601	OK	 
USER	AceToysSimulation	END	1671656991611
