RUN	acetoys.AceToysSimulation	acetoyssimulation	1671756982476	 	3.8.4
USER	AceToysSimulation	START	1671756983495
REQUEST		Home Page	1671756983493	1671756983660	OK	 
REQUEST		Our Story Page	1671756985769	1671756985828	OK	 
REQUEST		Get in Touch Page	1671756987839	1671756987896	OK	 
REQUEST		All Products	1671756989912	1671756990010	OK	 
REQUEST		Load page 1 of Products - Category: All Products	1671756992035	1671756992134	OK	 
REQUEST		Load page 2 of Products - Category: All Products	1671756992145	1671756992199	OK	 
REQUEST		Load Products Details Page - Product: Train Toy	1671756994208	1671756994264	OK	 
REQUEST		Add Cart Train Toy	1671756996271	1671756996320	OK	 
REQUEST		Login User	1671756998333	1671756998383	OK	 
REQUEST		Login User Redirect 1	1671756998388	1671756998440	OK	 
REQUEST		Cart View	1671756998444	1671756998490	OK	 
REQUEST		Cart View Redirect 1	1671756998491	1671756998541	OK	 
REQUEST		Increase Product Quantity in Cart - Train Toy	1671757000546	1671757000601	OK	 
REQUEST		Increase Product Quantity in Cart - Train Toy Redirect 1	1671757000603	1671757000650	OK	 
REQUEST		Increase Product Quantity in Cart - Train Toy Redirect 2	1671757000650	1671757000702	OK	 
REQUEST		Increase Product Quantity in Cart - Train Toy	1671757002708	1671757002762	OK	 
REQUEST		Increase Product Quantity in Cart - Train Toy Redirect 1	1671757002763	1671757002810	OK	 
REQUEST		Increase Product Quantity in Cart - Train Toy Redirect 2	1671757002811	1671757002861	OK	 
REQUEST		Decrease Product Quantity in Cart - Train Toy	1671757004866	1671757004926	OK	 
REQUEST		Decrease Product Quantity in Cart - Train Toy Redirect 1	1671757004927	1671757004977	OK	 
REQUEST		Checkout	1671757006982	1671757007036	OK	 
REQUEST		Checkout Redirect 1	1671757007037	1671757007087	OK	 
USER	AceToysSimulation	END	1671757009098
