RUN	acetoys.AceToysSimulation	acetoyssimulation	1671644194901	test\	3.8.4
USER	AceToysSimulation	START	1671644196752
REQUEST		Home Page	1671644196750	1671644197061	OK	 
REQUEST		Our Story Page	1671644199165	1671644199263	OK	 
REQUEST		Get in Touch Page	1671644201276	1671644201399	OK	 
REQUEST		All Products	1671644203415	1671644203615	OK	 
REQUEST		Babies Toys	1671644205634	1671644205864	OK	 
REQUEST		Kids Toys	1671644207875	1671644208081	OK	 
REQUEST		Grown-ups Toys	1671644210089	1671644210319	OK	 
REQUEST		Pagination Category Page 1	1671644212326	1671644212564	OK	 
REQUEST		Pagination Category Page 2	1671644214571	1671644214802	OK	 
REQUEST		Pagination Category Page 3	1671644216808	1671644216933	OK	 
REQUEST		Load Products Details Page - Product: Vintage Minature Car	1671644218941	1671644219069	OK	 
REQUEST		Add Cart 1	1671644221073	1671644221172	OK	 
REQUEST		Add Cart 1	1671644223177	1671644223303	OK	 
REQUEST		Add Cart 1	1671644225306	1671644225408	OK	 
REQUEST		Login	1671644227423	1671644227874	OK	 
REQUEST		Login Redirect 1	1671644227881	1671644227986	OK	 
REQUEST		Cart View	1671644227989	1671644228096	OK	 
REQUEST		Cart View Redirect 1	1671644228096	1671644228212	KO	css((#CategoryHeader,None)).find.is(Cart Overview), but actually found Login
REQUEST		Add Cart 20 count	1671644230216	1671644230332	OK	 
REQUEST		Add Cart 20 count Redirect 1	1671644230333	1671644230434	OK	 
REQUEST		Add Cart 20 count Redirect 2	1671644230435	1671644230537	OK	 
REQUEST		Add Cart 20 count	1671644232540	1671644232669	OK	 
REQUEST		Add Cart 20 count Redirect 1	1671644232670	1671644232764	OK	 
REQUEST		Add Cart 20 count Redirect 2	1671644232765	1671644232876	OK	 
REQUEST		Add Cart 20 count	1671644234879	1671644234999	OK	 
REQUEST		Add Cart 20 count Redirect 1	1671644234999	1671644235099	OK	 
REQUEST		Add Cart 20 count Redirect 2	1671644235099	1671644235204	OK	 
REQUEST		Add Cart 13 count	1671644237206	1671644237330	OK	 
REQUEST		Add Cart 13 count Redirect 1	1671644237331	1671644237441	OK	 
REQUEST		Add Cart 13 count Redirect 2	1671644237442	1671644237565	OK	 
REQUEST		Subtract Cart 20	1671644239569	1671644240004	OK	 
REQUEST		Subtract Cart 20 Redirect 1	1671644240004	1671644240127	OK	 
REQUEST		Checkout	1671644242131	1671644242233	OK	 
REQUEST		Checkout Redirect 1	1671644242234	1671644242334	OK	 
USER	AceToysSimulation	END	1671644244347
