RUN	acetoys.AceToysSimulation	acetoyssimulation	1670963060669	test	3.8.4
USER	AceToysSimulation	START	1670963062029
REQUEST		Home Page	1670963062027	1670963062191	OK	 
REQUEST		Our Story Page	1670963064281	1670963064342	OK	 
REQUEST		Get in Touch Page	1670963066349	1670963066421	OK	 
REQUEST		All Categories Page	1670963068426	1670963068541	OK	 
REQUEST		Pagination Category Page 1	1670963070556	1670963070663	OK	 
REQUEST		Pagination Category Page 2	1670963072670	1670963072746	OK	 
REQUEST		Add Cart 20	1670963074752	1670963074804	OK	 
REQUEST		Grown Ups Toys Category	1670963076807	1670963076913	OK	 
REQUEST		Add Cart 20	1670963078918	1670963078967	OK	 
REQUEST		Cart View	1670963080971	1670963081018	OK	 
REQUEST		Cart View Redirect 1	1670963081026	1670963081084	OK	 
REQUEST		Login	1670963083095	1670963083157	KO	status.find.in([200, 209], 304), found 405
REQUEST		Add Cart 20 count	1670963085162	1670963085217	OK	 
REQUEST		Add Cart 20 count Redirect 1	1670963085218	1670963085264	OK	 
REQUEST		Add Cart 20 count Redirect 2	1670963085265	1670963085314	OK	 
REQUEST		Add Cart 20 count	1670963087318	1670963087370	OK	 
REQUEST		Add Cart 20 count Redirect 1	1670963087371	1670963087416	OK	 
REQUEST		Add Cart 20 count Redirect 2	1670963087416	1670963087471	OK	 
REQUEST		Add Cart 20 count	1670963089475	1670963089535	OK	 
REQUEST		Add Cart 20 count Redirect 1	1670963089536	1670963089580	OK	 
REQUEST		Add Cart 20 count Redirect 2	1670963089581	1670963089639	OK	 
REQUEST		Add Cart 13 count	1670963091643	1670963091697	OK	 
REQUEST		Add Cart 13 count Redirect 1	1670963091697	1670963091742	OK	 
REQUEST		Add Cart 13 count Redirect 2	1670963091743	1670963091794	OK	 
REQUEST		Subtract Cart 20	1670963093799	1670963093859	OK	 
REQUEST		Subtract Cart 20 Redirect 1	1670963093860	1670963093918	OK	 
REQUEST		Checkout	1670963095923	1670963095971	OK	 
REQUEST		Checkout Redirect 1	1670963095972	1670963096024	OK	 
REQUEST		Logout	1670963098029	1670963098078	KO	status.find.in([200, 209], 304), found 405
USER	AceToysSimulation	END	1670963098082
