RUN	acetoys.AceToysSimulation	acetoyssimulation	1671049407135	test	3.8.4
USER	AceToysSimulation	START	1671049409046
REQUEST		Home Page	1671049409043	1671049409235	OK	 
REQUEST		Our Story Page	1671049411342	1671049411394	OK	 
REQUEST		Get in Touch Page	1671049413402	1671049413459	OK	 
REQUEST		All Categories Page	1671049415466	1671049415566	OK	 
REQUEST		Pagination Category Page 1	1671049417581	1671049417687	OK	 
REQUEST		Pagination Category Page 2	1671049419697	1671049419798	KO	css((.page-item active,None)).find.is(2), but actually found nothing
REQUEST		Add Cart 20	1671049421805	1671049421860	OK	 
REQUEST		Grown Ups Toys Category	1671049423863	1671049423962	OK	 
REQUEST		Add Cart 20	1671049425969	1671049426018	OK	 
REQUEST		Cart View	1671049428022	1671049428073	OK	 
REQUEST		Cart View Redirect 1	1671049428078	1671049428127	OK	 
REQUEST		Login	1671049430137	1671049430191	OK	 
REQUEST		Login Redirect 1	1671049430192	1671049430245	OK	 
REQUEST		Add Cart 20 count	1671049432253	1671049432310	OK	 
REQUEST		Add Cart 20 count Redirect 1	1671049432310	1671049432360	OK	 
REQUEST		Add Cart 20 count	1671049434366	1671049434422	OK	 
REQUEST		Add Cart 20 count Redirect 1	1671049434423	1671049434472	OK	 
REQUEST		Add Cart 20 count	1671049436478	1671049436536	OK	 
REQUEST		Add Cart 20 count Redirect 1	1671049436536	1671049436587	OK	 
REQUEST		Add Cart 13 count	1671049438590	1671049438637	OK	 
REQUEST		Add Cart 13 count Redirect 1	1671049438638	1671049438686	OK	 
REQUEST		Subtract Cart 20	1671049440691	1671049440820	OK	 
REQUEST		Subtract Cart 20 Redirect 1	1671049440820	1671049440869	OK	 
REQUEST		Checkout	1671049442873	1671049442920	OK	 
REQUEST		Checkout Redirect 1	1671049442921	1671049442977	OK	 
REQUEST		Logout	1671049444981	1671049445033	OK	 
REQUEST		Logout Redirect 1	1671049445033	1671049445080	OK	 
USER	AceToysSimulation	END	1671049445091
