RUN	acetoys.AceToysSimulation	acetoyssimulation	1671741239123	 	3.8.4
USER	AceToysSimulation	START	1671741240302
REQUEST		Home Page	1671741240301	1671741240468	OK	 
REQUEST		Our Story Page	1671741242627	1671741242689	OK	 
REQUEST		Get in Touch Page	1671741244696	1671741244746	OK	 
REQUEST		All Products	1671741246760	1671741246865	OK	 
REQUEST		Babies Toys	1671741248881	1671741249039	OK	 
REQUEST		Kids Toys	1671741251049	1671741251153	OK	 
REQUEST		Grown-ups Toys	1671741253162	1671741253279	OK	 
REQUEST		Load Products Details Page - Product: Vintage Minature Car	1671741257299	1671741257361	OK	 
REQUEST		Add Cart Vintage Minature Car	1671741259367	1671741259419	OK	 
REQUEST		Add Cart Vintage Minature Car	1671741261422	1671741261480	OK	 
REQUEST		Add Cart Vintage Minature Car	1671741263484	1671741263536	OK	 
REQUEST		Login User	1671741265566	1671741265630	OK	 
REQUEST		Login User Redirect 1	1671741265633	1671741265686	OK	 
REQUEST		Cart View	1671741265690	1671741265737	OK	 
REQUEST		Cart View Redirect 1	1671741265738	1671741265789	OK	 
REQUEST		Increase Product Quantity in Cart - Vintage Minature Car	1671741267794	1671741267849	OK	 
REQUEST		Increase Product Quantity in Cart - Vintage Minature Car Redirect 1	1671741267850	1671741267897	OK	 
REQUEST		Increase Product Quantity in Cart - Vintage Minature Car Redirect 2	1671741267898	1671741267947	KO	css((#grandTotal,None)).find.is($99.96), but actually found nothing
REQUEST		Decrease Product Quantity in Cart - Vintage Minature Car	1671741269968	1671741270018	OK	 
REQUEST		Decrease Product Quantity in Cart - Vintage Minature Car Redirect 1	1671741270019	1671741270070	KO	css((#grandTotal,None)).find.is($74.97), but actually found nothing
REQUEST		Checkout	1671741272076	1671741272131	OK	 
REQUEST		Checkout Redirect 1	1671741272132	1671741272181	OK	 
USER	AceToysSimulation	END	1671741274192
