RUN	acetoys.AceToysSimulation	acetoyssimulation	1671741640379	 	3.8.4
USER	AceToysSimulation	START	1671741641484
REQUEST		Home Page	1671741641482	1671741641643	OK	 
REQUEST		Our Story Page	1671741643752	1671741643804	OK	 
REQUEST		Get in Touch Page	1671741645813	1671741645864	OK	 
REQUEST		All Products	1671741647881	1671741647988	OK	 
REQUEST		Babies Toys	1671741650005	1671741650109	OK	 
REQUEST		Kids Toys	1671741652121	1671741652215	OK	 
REQUEST		Grown-ups Toys	1671741654225	1671741654321	OK	 
REQUEST		Load Products Details Page - Product: Fake Donuts	1671741658340	1671741658394	OK	 
REQUEST		Add Cart Fake Donuts	1671741660401	1671741660452	OK	 
REQUEST		Login User	1671741662464	1671741662514	OK	 
REQUEST		Login User Redirect 1	1671741662520	1671741662570	OK	 
REQUEST		Cart View	1671741662574	1671741662621	OK	 
REQUEST		Cart View Redirect 1	1671741662622	1671741662680	OK	 
REQUEST		Increase Product Quantity in Cart - Fake Donuts	1671741664684	1671741664740	OK	 
REQUEST		Increase Product Quantity in Cart - Fake Donuts Redirect 1	1671741664741	1671741664789	OK	 
REQUEST		Increase Product Quantity in Cart - Fake Donuts Redirect 2	1671741664790	1671741664841	KO	css((#grandTotal,None)).find.is($33.98), but actually found nothing
REQUEST		Decrease Product Quantity in Cart - Fake Donuts	1671741666863	1671741666914	OK	 
REQUEST		Decrease Product Quantity in Cart - Fake Donuts Redirect 1	1671741666915	1671741666967	KO	css((#grandTotal,None)).find.is($16.99), but actually found nothing
REQUEST		Checkout	1671741668972	1671741669023	OK	 
REQUEST		Checkout Redirect 1	1671741669023	1671741669075	OK	 
USER	AceToysSimulation	END	1671741671085
