RUN	acetoys.AceToysSimulation	acetoyssimulation	1671740508060	test	3.8.4
USER	AceToysSimulation	START	1671740509297
REQUEST		Home Page	1671740509294	1671740509449	OK	 
REQUEST		Our Story Page	1671740511574	1671740511623	OK	 
REQUEST		Get in Touch Page	1671740513632	1671740513682	OK	 
REQUEST		All Products	1671740515697	1671740515796	OK	 
REQUEST		Babies Toys	1671740517814	1671740517913	OK	 
REQUEST		Kids Toys	1671740519925	1671740520022	OK	 
REQUEST		Grown-ups Toys	1671740522031	1671740522126	OK	 
REQUEST		Load Products Details Page - Product: Playing Cards	1671740526145	1671740526201	OK	 
REQUEST		Add Cart Playing Cards	1671740528208	1671740528474	OK	 
REQUEST		Add Cart Playing Cards	1671740530479	1671740530753	OK	 
REQUEST		Add Cart Playing Cards	1671740532757	1671740532805	OK	 
REQUEST		Login User	1671740534816	1671740534865	OK	 
REQUEST		Login User Redirect 1	1671740534870	1671740534918	OK	 
REQUEST		Cart View	1671740534922	1671740534969	OK	 
REQUEST		Cart View Redirect 1	1671740534970	1671740535020	OK	 
REQUEST		Increase Product Quantity in Cart - Playing Cards	1671740537024	1671740537071	OK	 
REQUEST		Increase Product Quantity in Cart - Playing Cards Redirect 1	1671740537072	1671740537116	OK	 
REQUEST		Increase Product Quantity in Cart - Playing Cards Redirect 2	1671740537117	1671740537164	KO	css((#grandTotal,None)).find.is($39.96), but actually found nothing
REQUEST		Increase Product Quantity in Cart - Playing Cards	1671740539169	1671740539218	OK	 
REQUEST		Increase Product Quantity in Cart - Playing Cards Redirect 1	1671740539219	1671740539264	OK	 
REQUEST		Increase Product Quantity in Cart - Playing Cards Redirect 2	1671740539264	1671740539316	KO	css((#grandTotal,None)).find.is($49.95), but actually found nothing
REQUEST		Increase Product Quantity in Cart - Playing Cards	1671740541322	1671740541375	OK	 
REQUEST		Increase Product Quantity in Cart - Playing Cards Redirect 1	1671740541376	1671740541420	OK	 
REQUEST		Increase Product Quantity in Cart - Playing Cards Redirect 2	1671740541421	1671740541469	KO	css((#grandTotal,None)).find.is($59.94), but actually found nothing
REQUEST		Decrease Product Quantity in Cart - Playing Cards	1671740543489	1671740543536	OK	 
REQUEST		Decrease Product Quantity in Cart - Playing Cards Redirect 1	1671740543537	1671740543584	KO	css((#grandTotal,None)).find.is($49.95), but actually found nothing
REQUEST		Decrease Product Quantity in Cart - Playing Cards	1671740545589	1671740545641	OK	 
REQUEST		Decrease Product Quantity in Cart - Playing Cards Redirect 1	1671740545641	1671740545688	KO	css((#grandTotal,None)).find.is($39.96), but actually found nothing
REQUEST		Decrease Product Quantity in Cart - Playing Cards	1671740547694	1671740547747	OK	 
REQUEST		Decrease Product Quantity in Cart - Playing Cards Redirect 1	1671740547748	1671740547796	KO	css((#grandTotal,None)).find.is($29.97), but actually found nothing
REQUEST		Checkout	1671740549801	1671740549853	OK	 
REQUEST		Checkout Redirect 1	1671740549854	1671740549903	OK	 
USER	AceToysSimulation	END	1671740551913
