RUN	acetoys.AceToysSimulation	acetoyssimulation	1671468845436	test	3.8.4
USER	AceToysSimulation	START	1671468847132
REQUEST		Home Page	1671468847129	1671468847542	OK	 
REQUEST		Our Story Page	1671468849648	1671468849712	OK	 
REQUEST		Get in Touch Page	1671468851720	1671468851828	OK	 
REQUEST		All Categories Page	1671468853835	1671468853953	OK	 
REQUEST		Pagination Category Page 1	1671468855972	1671468856216	OK	 
REQUEST		Pagination Category Page 2	1671468858227	1671468858345	OK	 
REQUEST		Pagination Category Page 3	1671468860353	1671468860456	OK	 
REQUEST		Load Products Details Page - Product: Darts Board	1671468862462	1671468862544	OK	 
REQUEST		Add Cart 20	1671468864550	1671468864618	OK	 
REQUEST		Grown Ups Toys Category	1671468866621	1671468866795	OK	 
REQUEST		Add Cart 13	1671468868800	1671468868880	OK	 
REQUEST		Add Cart 13	1671468870884	1671468870985	KO	substring(You have <span>2</span> products in your Basket.).find.exists, found nothing
REQUEST		Cart View	1671468872992	1671468873048	OK	 
REQUEST		Cart View Redirect 1	1671468873056	1671468873116	KO	css((#CategoryHeader,None)).find.is(Cart Overview), but actually found Login
REQUEST		Login	1671468875127	1671468875186	OK	 
REQUEST		Login Redirect 1	1671468875188	1671468875251	OK	 
REQUEST		Add Cart 20 count	1671468877259	1671468877316	OK	 
REQUEST		Add Cart 20 count Redirect 1	1671468877317	1671468877379	OK	 
REQUEST		Add Cart 20 count	1671468879384	1671468879451	OK	 
REQUEST		Add Cart 20 count Redirect 1	1671468879452	1671468879518	OK	 
REQUEST		Add Cart 20 count	1671468881523	1671468881634	OK	 
REQUEST		Add Cart 20 count Redirect 1	1671468881635	1671468881737	OK	 
REQUEST		Add Cart 13 count	1671468883742	1671468883798	OK	 
REQUEST		Add Cart 13 count Redirect 1	1671468883799	1671468883862	KO	j.l.IndexOutOfBoundsException
REQUEST		Subtract Cart 20	1671468885880	1671468885939	OK	 
REQUEST		Subtract Cart 20 Redirect 1	1671468885940	1671468886012	OK	 
REQUEST		Checkout	1671468888018	1671468888082	OK	 
REQUEST		Checkout Redirect 1	1671468888082	1671468888147	OK	 
REQUEST		Logout	1671468890151	1671468890261	OK	 
REQUEST		Logout Redirect 1	1671468890262	1671468890356	OK	 
USER	AceToysSimulation	END	1671468890363
