RUN	acetoys.AceToysSimulation	acetoyssimulation	1672192226288	test	3.8.4
USER	Default Load Test	START	1672192232706
USER	Default Load Test	START	1672192232706
USER	Default Load Test	START	1672192232706
USER	Default Load Test	START	1672192232706
USER	Default Load Test	START	1672192232706
USER	Default Load Test	START	1672192232706
USER	Default Load Test	START	1672192232706
USER	Default Load Test	START	1672192232706
USER	Default Load Test	START	1672192232706
USER	Default Load Test	START	1672192232707
REQUEST		Home Page	1672192232706	1672192232888	OK	 
REQUEST		Home Page	1672192232698	1672192232891	OK	 
REQUEST		Home Page	1672192232699	1672192232885	OK	 
REQUEST		Home Page	1672192232698	1672192232888	OK	 
REQUEST		Home Page	1672192232699	1672192232896	OK	 
REQUEST		Home Page	1672192232699	1672192232897	OK	 
REQUEST		Home Page	1672192232698	1672192232883	OK	 
REQUEST		Home Page	1672192232699	1672192232888	OK	 
REQUEST		Home Page	1672192232698	1672192232897	OK	 
REQUEST		Home Page	1672192232698	1672192232889	OK	 
REQUEST		Our Story Page	1672192234017	1672192234074	OK	 
REQUEST		Our Story Page	1672192234017	1672192234077	OK	 
REQUEST		Our Story Page	1672192234017	1672192234074	OK	 
REQUEST		All Products	1672192234281	1672192234377	OK	 
REQUEST		Babies Toys	1672192235120	1672192235215	OK	 
REQUEST		Load Products Details Page - Product: Scrabble Set	1672192235449	1672192235499	OK	 
REQUEST		Kids Toys	1672192235427	1672192235522	OK	 
REQUEST		Grown-ups Toys	1672192235488	1672192235574	OK	 
REQUEST		All Products	1672192235964	1672192236061	OK	 
REQUEST		Babies Toys	1672192236001	1672192236101	OK	 
REQUEST		Kids Toys	1672192236003	1672192236101	OK	 
REQUEST		Get in Touch Page	1672192236132	1672192236177	OK	 
REQUEST		Get in Touch Page	1672192236327	1672192236376	OK	 
REQUEST		Get in Touch Page	1672192237044	1672192237095	OK	 
REQUEST		Load Products Details Page - Product: Wooden Baby Worm	1672192237094	1672192237146	OK	 
REQUEST		Load Products Details Page - Product: Xbox Controller	1672192237279	1672192237331	OK	 
REQUEST		Load Products Details Page - Product: Wooden Baby Worm	1672192237498	1672192237545	OK	 
REQUEST		Load Products Details Page - Product: Assorted Building Blocks	1672192237936	1672192237987	OK	 
REQUEST		Add Cart Scrabble Set	1672192238031	1672192238080	OK	 
REQUEST		Load Products Details Page - Product: Alphabet Letters	1672192238057	1672192238105	OK	 
REQUEST		Home Page	1672192238083	1672192238133	OK	 
REQUEST		Grown-ups Toys	1672192238120	1672192238212	OK	 
REQUEST		Load Products Details Page - Product: Furry Toys	1672192238297	1672192238350	OK	 
REQUEST		Add Cart Xbox Controller	1672192238811	1672192238869	OK	 
REQUEST		Home Page	1672192238871	1672192238922	OK	 
REQUEST		All Products	1672192238882	1672192238980	OK	 
REQUEST		Babies Toys	1672192239163	1672192239254	OK	 
REQUEST		Kids Toys	1672192239171	1672192239270	OK	 
REQUEST		Add Cart Alphabet Letters	1672192239728	1672192239783	OK	 
REQUEST		Login User	1672192239794	1672192239839	OK	 
REQUEST		Login User Redirect 1	1672192239845	1672192239893	OK	 
REQUEST		Cart View	1672192239897	1672192239945	OK	 
REQUEST		Add Cart Assorted Building Blocks	1672192239918	1672192239966	OK	 
REQUEST		Add Cart Wooden Baby Worm	1672192239959	1672192240008	OK	 
REQUEST		Home Page	1672192239968	1672192240015	OK	 
REQUEST		Home Page	1672192240010	1672192240066	OK	 
REQUEST		Add Cart Wooden Baby Worm	1672192240134	1672192240179	OK	 
REQUEST		Home Page	1672192240181	1672192240227	OK	 
REQUEST		Add Cart Furry Toys	1672192240533	1672192240581	OK	 
REQUEST		Login User	1672192240584	1672192240631	OK	 
REQUEST		Login User Redirect 1	1672192240632	1672192240685	OK	 
REQUEST		Cart View	1672192240688	1672192240739	OK	 
REQUEST		Our Story Page	1672192241070	1672192241120	OK	 
REQUEST		Grown-ups Toys	1672192241035	1672192241138	OK	 
REQUEST		Our Story Page	1672192241233	1672192241279	OK	 
REQUEST		All Products	1672192241278	1672192241373	OK	 
REQUEST		Load page 1 of Products - Category: All Products	1672192241314	1672192241410	OK	 
REQUEST		Load page 2 of Products - Category: All Products	1672192241415	1672192241468	OK	 
REQUEST		Load Products Details Page - Product: Rubicks Cube	1672192241848	1672192241916	OK	 
REQUEST		Load Products Details Page - Product: Coloured Building Blocks	1672192242277	1672192242332	OK	 
REQUEST		Load Products Details Page - Product: Coloured Building Blocks	1672192242381	1672192242431	OK	 
REQUEST		Babies Toys	1672192242335	1672192242450	OK	 
REQUEST		Increase Product Quantity in Cart - Alphabet Letters	1672192242546	1672192242590	OK	 
REQUEST		Increase Product Quantity in Cart - Alphabet Letters Redirect 1	1672192242591	1672192242638	OK	 
REQUEST		Load Products Details Page - Product: US Style Basketball	1672192242826	1672192242872	OK	 
REQUEST		Kids Toys	1672192242875	1672192242967	OK	 
REQUEST		Load Products Details Page - Product: VR Headset	1672192243148	1672192243197	OK	 
REQUEST		Grown-ups Toys	1672192243200	1672192243251	OK	 
REQUEST		Increase Product Quantity in Cart - Furry Toys	1672192243510	1672192243560	OK	 
REQUEST		Increase Product Quantity in Cart - Furry Toys Redirect 1	1672192243561	1672192243610	OK	 
REQUEST		Get in Touch Page	1672192243610	1672192243657	OK	 
REQUEST		Add Cart Coloured Building Blocks	1672192243655	1672192243703	OK	 
REQUEST		Login User	1672192243706	1672192243753	OK	 
REQUEST		Get in Touch Page	1672192243710	1672192243759	OK	 
REQUEST		Login User Redirect 1	1672192243754	1672192243802	OK	 
REQUEST		Cart View	1672192243805	1672192243863	OK	 
REQUEST		Load Products Details Page - Product: Brown Teddy Bear	1672192243842	1672192243891	OK	 
REQUEST		Add Cart Rubicks Cube	1672192244054	1672192244103	OK	 
REQUEST		Login User	1672192244104	1672192244153	OK	 
REQUEST		Login User Redirect 1	1672192244154	1672192244204	OK	 
REQUEST		Cart View	1672192244206	1672192244256	OK	 
REQUEST		Decrease Product Quantity in Cart - Furry Toys	1672192244730	1672192244783	OK	 
REQUEST		Decrease Product Quantity in Cart - Furry Toys Redirect 1	1672192244784	1672192244842	OK	 
REQUEST		Decrease Product Quantity in Cart - Alphabet Letters	1672192244801	1672192244849	OK	 
REQUEST		Decrease Product Quantity in Cart - Alphabet Letters Redirect 1	1672192244849	1672192244898	OK	 
REQUEST		All Products	1672192245263	1672192245351	OK	 
REQUEST		Increase Product Quantity in Cart - Coloured Building Blocks	1672192245661	1672192245709	OK	 
REQUEST		Babies Toys	1672192245616	1672192245711	OK	 
REQUEST		Increase Product Quantity in Cart - Coloured Building Blocks Redirect 1	1672192245710	1672192245759	OK	 
REQUEST		Add Cart Brown Teddy Bear	1672192245944	1672192245993	OK	 
REQUEST		Load Products Details Page - Product: Alphabet Letters	1672192245986	1672192246035	OK	 
REQUEST		Home Page	1672192245996	1672192246044	OK	 
REQUEST		Kids Toys	1672192246038	1672192246127	OK	 
REQUEST		Load Products Details Page - Product: Assorted Building Blocks	1672192246554	1672192246608	OK	 
REQUEST		Grown-ups Toys	1672192246612	1672192246704	OK	 
REQUEST		Checkout	1672192246675	1672192246724	OK	 
REQUEST		Checkout Redirect 1	1672192246725	1672192246774	OK	 
REQUEST		Checkout	1672192247143	1672192247192	OK	 
REQUEST		Checkout Redirect 1	1672192247193	1672192247239	OK	 
REQUEST		Increase Product Quantity in Cart - Rubicks Cube	1672192247214	1672192247263	OK	 
REQUEST		Load Products Details Page - Product: Vintage Minature Car	1672192247237	1672192247287	OK	 
REQUEST		Increase Product Quantity in Cart - Rubicks Cube Redirect 1	1672192247264	1672192247313	OK	 
REQUEST		All Products	1672192247290	1672192247389	OK	 
REQUEST		Decrease Product Quantity in Cart - Coloured Building Blocks	1672192247383	1672192247433	OK	 
REQUEST		Decrease Product Quantity in Cart - Coloured Building Blocks Redirect 1	1672192247434	1672192247483	OK	 
REQUEST		Load page 1 of Products - Category: All Products	1672192247835	1672192247929	OK	 
REQUEST		Load page 2 of Products - Category: All Products	1672192247933	1672192247984	OK	 
REQUEST		Babies Toys	1672192248350	1672192248443	OK	 
REQUEST		Home Page	1672192248491	1672192248539	OK	 
REQUEST		Checkout	1672192248793	1672192248841	OK	 
REQUEST		Checkout Redirect 1	1672192248842	1672192248892	OK	 
REQUEST		Load Products Details Page - Product: Vintage Minature Car	1672192248998	1672192249044	OK	 
REQUEST		Kids Toys	1672192249047	1672192249134	OK	 
REQUEST		Load Products Details Page - Product: Rubicks Cube	1672192249489	1672192249538	OK	 
REQUEST		Home Page	1672192249629	1672192249675	OK	 
REQUEST		Decrease Product Quantity in Cart - Rubicks Cube	1672192249637	1672192249685	OK	 
REQUEST		Decrease Product Quantity in Cart - Rubicks Cube Redirect 1	1672192249686	1672192249735	OK	 
REQUEST		Load Products Details Page - Product: Scrabble Set	1672192250260	1672192250316	OK	 
REQUEST		Home Page	1672192250319	1672192250367	OK	 
REQUEST		Load page 1 of Products - Category: All Products	1672192250275	1672192250369	OK	 
REQUEST		Load page 2 of Products - Category: All Products	1672192250372	1672192250422	OK	 
REQUEST		Grown-ups Toys	1672192250331	1672192250441	OK	 
REQUEST		Our Story Page	1672192250680	1672192250732	OK	 
REQUEST		Load Products Details Page - Product: Doctors Play Kit	1672192250776	1672192250826	OK	 
REQUEST		Checkout	1672192250795	1672192250842	OK	 
REQUEST		Checkout Redirect 1	1672192250843	1672192250903	OK	 
REQUEST		All Products	1672192250829	1672192250924	OK	 
REQUEST		Load Products Details Page - Product: Coloured Building Blocks	1672192251274	1672192251322	OK	 
REQUEST		Home Page	1672192251325	1672192251372	OK	 
REQUEST		Our Story Page	1672192251371	1672192251454	OK	 
REQUEST		Home Page	1672192251655	1672192251704	OK	 
REQUEST		Add Cart Rubicks Cube	1672192251933	1672192251981	OK	 
REQUEST		Home Page	1672192251983	1672192252032	OK	 
REQUEST		Get in Touch Page	1672192252027	1672192252076	OK	 
REQUEST		Load page 1 of Products - Category: All Products	1672192252047	1672192252144	OK	 
REQUEST		Load page 2 of Products - Category: All Products	1672192252147	1672192252198	OK	 
REQUEST		Load Products Details Page - Product: VR Headset	1672192252225	1672192252274	OK	 
REQUEST		Babies Toys	1672192252277	1672192252371	OK	 
REQUEST		Load Products Details Page - Product: Assorted Building Blocks	1672192252368	1672192252417	OK	 
REQUEST		Home Page	1672192252420	1672192252471	OK	 
REQUEST		Our Story Page	1672192252709	1672192252767	OK	 
REQUEST		Get in Touch Page	1672192252993	1672192253046	OK	 
REQUEST		Our Story Page	1672192253036	1672192253086	OK	 
REQUEST		Home Page	1672192253126	1672192253175	OK	 
REQUEST		Load Products Details Page - Product: Rubicks Cube	1672192253195	1672192253244	OK	 
REQUEST		Kids Toys	1672192253642	1672192253738	OK	 
REQUEST		Get in Touch Page	1672192253803	1672192253852	OK	 
REQUEST		Load Products Details Page - Product: Xbox Controller	1672192254413	1672192254462	OK	 
REQUEST		Grown-ups Toys	1672192254439	1672192254527	OK	 
REQUEST		Babies Toys	1672192254465	1672192254563	OK	 
REQUEST		All Products	1672192254465	1672192254570	OK	 
REQUEST		Add Cart Rubicks Cube	1672192254552	1672192254599	OK	 
REQUEST		Home Page	1672192254601	1672192254649	OK	 
REQUEST		Load Products Details Page - Product: Doctors Play Kit	1672192254960	1672192255007	OK	 
REQUEST		Kids Toys	1672192254917	1672192255015	OK	 
REQUEST		Grown-ups Toys	1672192255322	1672192255415	OK	 
REQUEST		Get in Touch Page	1672192255642	1672192255698	OK	 
REQUEST		Our Story Page	1672192255652	1672192255701	OK	 
REQUEST		All Products	1672192255715	1672192255809	OK	 
REQUEST		Load Products Details Page - Product: Playing Cards	1672192256194	1672192256246	OK	 
REQUEST		Home Page	1672192256249	1672192256294	OK	 
REQUEST		Load Products Details Page - Product: Train Toy	1672192256919	1672192256968	OK	 
REQUEST		Load Products Details Page - Product: Fake Donuts	1672192257008	1672192257063	OK	 
REQUEST		Load page 1 of Products - Category: All Products	1672192257060	1672192257162	OK	 
REQUEST		Load page 2 of Products - Category: All Products	1672192257165	1672192257214	OK	 
REQUEST		Get in Touch Page	1672192257259	1672192257307	OK	 
REQUEST		Add Cart Doctors Play Kit	1672192257779	1672192257839	OK	 
REQUEST		Home Page	1672192257841	1672192257886	OK	 
REQUEST		Add Cart Train Toy	1672192258026	1672192258074	OK	 
REQUEST		Login User	1672192258076	1672192258123	OK	 
REQUEST		Login User Redirect 1	1672192258124	1672192258173	OK	 
REQUEST		Cart View	1672192258175	1672192258224	OK	 
REQUEST		Load Products Details Page - Product: Playing Cards	1672192258423	1672192258472	OK	 
REQUEST		Babies Toys	1672192258408	1672192258501	OK	 
REQUEST		Home Page	1672192258475	1672192258528	OK	 
REQUEST		Kids Toys	1672192258486	1672192258580	OK	 
REQUEST		Our Story Page	1672192258890	1672192258939	OK	 
REQUEST		Grown-ups Toys	1672192258848	1672192258944	OK	 
REQUEST		Load Products Details Page - Product: Doctors Play Kit	1672192259021	1672192259068	OK	 
REQUEST		All Products	1672192259071	1672192259159	OK	 
REQUEST		Add Cart Fake Donuts	1672192259226	1672192259273	OK	 
REQUEST		Home Page	1672192259275	1672192259323	OK	 
REQUEST		Load Products Details Page - Product: Xbox Controller	1672192259518	1672192259566	OK	 
REQUEST		Our Story Page	1672192259530	1672192259579	OK	 
REQUEST		Babies Toys	1672192259569	1672192259666	OK	 
REQUEST		Increase Product Quantity in Cart - Train Toy	1672192259922	1672192259986	OK	 
REQUEST		Increase Product Quantity in Cart - Train Toy Redirect 1	1672192259986	1672192260035	OK	 
REQUEST		Load Products Details Page - Product: Flat screen TV	1672192260261	1672192260309	OK	 
REQUEST		Our Story Page	1672192260328	1672192260378	OK	 
REQUEST		Get in Touch Page	1672192260547	1672192260595	OK	 
REQUEST		Load Products Details Page - Product: Flat screen TV	1672192260905	1672192260960	OK	 
REQUEST		Kids Toys	1672192260962	1672192261056	OK	 
REQUEST		Load page 1 of Products - Category: All Products	1672192261279	1672192261381	OK	 
REQUEST		Load page 2 of Products - Category: All Products	1672192261385	1672192261432	OK	 
REQUEST		Add Cart Flat screen TV	1672192261537	1672192261582	OK	 
REQUEST		Home Page	1672192261584	1672192261629	OK	 
REQUEST		Get in Touch Page	1672192261633	1672192261682	OK	 
REQUEST		Decrease Product Quantity in Cart - Train Toy	1672192262420	1672192262474	OK	 
REQUEST		Decrease Product Quantity in Cart - Train Toy Redirect 1	1672192262475	1672192262526	OK	 
REQUEST		Our Story Page	1672192262633	1672192262680	OK	 
USER	Default Load Test	END	1672192262688
USER	Default Load Test	END	1672192262775
USER	Default Load Test	END	1672192263076
USER	Default Load Test	END	1672192263188
USER	Default Load Test	END	1672192263256
USER	Default Load Test	END	1672192263274
USER	Default Load Test	END	1672192263683
USER	Default Load Test	END	1672192263992
USER	Default Load Test	END	1672192264319
USER	Default Load Test	END	1672192264512
