RUN	acetoys.AceToysSimulation	acetoyssimulation	1671473286786	test	3.8.4
USER	AceToysSimulation	START	1671473287639
REQUEST		Home Page	1671473287637	1671473287912	OK	 
REQUEST		Our Story Page	1671473290021	1671473290085	OK	 
REQUEST		Get in Touch Page	1671473292093	1671473292157	OK	 
REQUEST		All Categories Page	1671473294163	1671473294668	OK	 
REQUEST		Pagination Category Page 1	1671473296686	1671473297256	OK	 
REQUEST		Pagination Category Page 2	1671473299264	1671473299661	OK	 
REQUEST		Pagination Category Page 3	1671473301670	1671473301735	OK	 
REQUEST		Load Products Details Page - Product: Darts Board	1671473303741	1671473303810	OK	 
REQUEST		Add Cart 20	1671473305815	1671473305878	OK	 
REQUEST		Grown Ups Toys Category	1671473307880	1671473308018	OK	 
REQUEST		Add Cart 13	1671473310025	1671473310082	OK	 
REQUEST		Add Cart 16	1671473312085	1671473312151	OK	 
REQUEST		Cart View	1671473314154	1671473314219	OK	 
REQUEST		Cart View Redirect 1	1671473314224	1671473314314	OK	 
REQUEST		Login	1671473316326	1671473316387	OK	 
REQUEST		Login Redirect 1	1671473316388	1671473316458	OK	 
REQUEST		Add Cart 20 count	1671473318467	1671473318581	OK	 
REQUEST		Add Cart 20 count Redirect 1	1671473318582	1671473318726	OK	 
REQUEST		Add Cart 20 count	1671473320730	1671473320785	OK	 
REQUEST		Add Cart 20 count Redirect 1	1671473320786	1671473320849	OK	 
REQUEST		Add Cart 20 count	1671473322853	1671473323017	OK	 
REQUEST		Add Cart 20 count Redirect 1	1671473323018	1671473323095	OK	 
REQUEST		Add Cart 13 count	1671473325100	1671473325163	OK	 
REQUEST		Add Cart 13 count Redirect 1	1671473325164	1671473325225	OK	 
REQUEST		Subtract Cart 20	1671473327230	1671473327288	OK	 
REQUEST		Subtract Cart 20 Redirect 1	1671473327289	1671473327350	OK	 
REQUEST		Checkout	1671473329355	1671473329408	OK	 
REQUEST		Checkout Redirect 1	1671473329409	1671473329470	OK	 
REQUEST		Logout	1671473331474	1671473331544	OK	 
REQUEST		Logout Redirect 1	1671473331545	1671473331607	OK	 
USER	AceToysSimulation	END	1671473331614
