RUN	acetoys.AceToysSimulation	acetoyssimulation	1671741402023	 	3.8.4
USER	AceToysSimulation	START	1671741403071
REQUEST		Home Page	1671741403069	1671741403230	OK	 
REQUEST		Our Story Page	1671741405344	1671741405396	OK	 
REQUEST		Get in Touch Page	1671741407412	1671741407468	OK	 
REQUEST		All Products	1671741409483	1671741409578	OK	 
REQUEST		Babies Toys	1671741411597	1671741411693	OK	 
REQUEST		Kids Toys	1671741413703	1671741413761	OK	 
REQUEST		Grown-ups Toys	1671741415770	1671741415865	OK	 
REQUEST		Load Products Details Page - Product: Vintage Minature Car	1671741419888	1671741419940	OK	 
REQUEST		Add Cart Vintage Minature Car	1671741421947	1671741422004	OK	 
REQUEST		Add Cart Vintage Minature Car	1671741424009	1671741424068	OK	 
REQUEST		Add Cart Vintage Minature Car	1671741426073	1671741426123	OK	 
REQUEST		Login User	1671741428134	1671741428191	OK	 
REQUEST		Login User Redirect 1	1671741428197	1671741428248	OK	 
REQUEST		Cart View	1671741428252	1671741428298	OK	 
REQUEST		Cart View Redirect 1	1671741428299	1671741428348	OK	 
REQUEST		Increase Product Quantity in Cart - Vintage Minature Car	1671741430354	1671741430410	OK	 
REQUEST		Increase Product Quantity in Cart - Vintage Minature Car Redirect 1	1671741430411	1671741430459	OK	 
REQUEST		Increase Product Quantity in Cart - Vintage Minature Car Redirect 2	1671741430460	1671741430510	KO	css((#grandTotal,None)).find.is($99.96), but actually found nothing
REQUEST		Decrease Product Quantity in Cart - Vintage Minature Car	1671741432532	1671741432590	OK	 
REQUEST		Decrease Product Quantity in Cart - Vintage Minature Car Redirect 1	1671741432591	1671741432641	KO	css((#grandTotal,None)).find.is($74.97), but actually found nothing
REQUEST		Checkout	1671741434648	1671741434697	OK	 
REQUEST		Checkout Redirect 1	1671741434698	1671741434749	OK	 
USER	AceToysSimulation	END	1671741436758
