RUN	acetoys.AceToysSimulation	acetoyssimulation	1671470613134	test	3.8.4
USER	AceToysSimulation	START	1671470614182
REQUEST		Home Page	1671470614180	1671470614364	OK	 
REQUEST		Our Story Page	1671470616469	1671470616554	OK	 
REQUEST		Get in Touch Page	1671470618563	1671470618622	OK	 
REQUEST		All Categories Page	1671470620629	1671470620789	OK	 
REQUEST		Pagination Category Page 1	1671470622807	1671470622997	OK	 
REQUEST		Pagination Category Page 2	1671470625008	1671470625179	OK	 
REQUEST		Pagination Category Page 3	1671470627186	1671470627254	OK	 
REQUEST		Load Products Details Page - Product: Darts Board	1671470629260	1671470629319	OK	 
REQUEST		Add Cart 20	1671470631325	1671470631429	OK	 
REQUEST		Grown Ups Toys Category	1671470633432	1671470633550	OK	 
REQUEST		Add Cart 13	1671470635557	1671470635617	OK	 
REQUEST		Add Cart 16	1671470637622	1671470637683	OK	 
REQUEST		Cart View	1671470639686	1671470639827	OK	 
REQUEST		Cart View Redirect 1	1671470639835	1671470640060	KO	css((#CategoryHeader,None)).find.is(Cart Overview), but actually found Login
REQUEST		Login	1671470642070	1671470642128	OK	 
REQUEST		Login Redirect 1	1671470642128	1671470642198	OK	 
REQUEST		Add Cart 20 count	1671470644208	1671470644331	OK	 
REQUEST		Add Cart 20 count Redirect 1	1671470644331	1671470644425	OK	 
REQUEST		Add Cart 20 count	1671470646429	1671470646497	OK	 
REQUEST		Add Cart 20 count Redirect 1	1671470646498	1671470646572	OK	 
REQUEST		Add Cart 20 count	1671470648576	1671470648639	OK	 
REQUEST		Add Cart 20 count Redirect 1	1671470648640	1671470648698	OK	 
REQUEST		Add Cart 13 count	1671470650702	1671470650801	OK	 
REQUEST		Add Cart 13 count Redirect 1	1671470650802	1671470650876	OK	 
REQUEST		Subtract Cart 20	1671470652881	1671470652937	OK	 
REQUEST		Subtract Cart 20 Redirect 1	1671470652938	1671470653001	OK	 
REQUEST		Checkout	1671470655006	1671470655061	OK	 
REQUEST		Checkout Redirect 1	1671470655062	1671470655123	OK	 
REQUEST		Logout	1671470657126	1671470657210	OK	 
REQUEST		Logout Redirect 1	1671470657210	1671470657301	OK	 
USER	AceToysSimulation	END	1671470657307
