RUN	acetoys.AceToysSimulation	acetoyssimulation	1671741482302	 	3.8.4
USER	AceToysSimulation	START	1671741483290
REQUEST		Home Page	1671741483288	1671741483442	OK	 
REQUEST		Our Story Page	1671741485550	1671741485605	OK	 
REQUEST		Get in Touch Page	1671741487615	1671741487673	OK	 
REQUEST		All Products	1671741489690	1671741489791	OK	 
REQUEST		Babies Toys	1671741491806	1671741491897	OK	 
REQUEST		Kids Toys	1671741493909	1671741493998	OK	 
REQUEST		Grown-ups Toys	1671741496009	1671741496100	OK	 
REQUEST		Load Products Details Page - Product: VR Headset	1671741500118	1671741500174	OK	 
REQUEST		Add Cart VR Headset	1671741502181	1671741502235	OK	 
REQUEST		Login User	1671741504247	1671741504300	OK	 
REQUEST		Login User Redirect 1	1671741504305	1671741504352	OK	 
REQUEST		Cart View	1671741504355	1671741504399	OK	 
REQUEST		Cart View Redirect 1	1671741504400	1671741504447	OK	 
REQUEST		Increase Product Quantity in Cart - VR Headset	1671741506453	1671741506508	OK	 
REQUEST		Increase Product Quantity in Cart - VR Headset Redirect 1	1671741506509	1671741506554	OK	 
REQUEST		Increase Product Quantity in Cart - VR Headset Redirect 2	1671741506555	1671741506604	KO	css((#grandTotal,None)).find.is($599.98), but actually found nothing
REQUEST		Decrease Product Quantity in Cart - VR Headset	1671741508626	1671741508673	OK	 
REQUEST		Decrease Product Quantity in Cart - VR Headset Redirect 1	1671741508673	1671741508722	KO	css((#grandTotal,None)).find.is($299.99), but actually found nothing
REQUEST		Checkout	1671741510727	1671741510781	OK	 
REQUEST		Checkout Redirect 1	1671741510781	1671741510829	OK	 
REQUEST		Logout	1671741512835	1671741512879	OK	 
REQUEST		Logout Redirect 1	1671741512880	1671741512930	OK	 
USER	AceToysSimulation	END	1671741512937
