RUN	acetoys.AceToysSimulation	acetoyssimulation	1671208411603	test	3.8.4
USER	AceToysSimulation	START	1671208413087
REQUEST		Home Page	1671208413084	1671208413390	OK	 
REQUEST		Our Story Page	1671208415504	1671208415604	OK	 
REQUEST		Get in Touch Page	1671208417612	1671208417711	OK	 
REQUEST		All Categories Page	1671208419716	1671208419932	OK	 
REQUEST		Pagination Category Page 1	1671208421949	1671208422150	OK	 
REQUEST		Pagination Category Page 2	1671208424158	1671208424367	OK	 
REQUEST		Pagination Category Page 3	1671208426374	1671208426483	OK	 
REQUEST		Load Products Details Page - Product: Darts Board	1671208428488	1671208428588	OK	 
REQUEST		Add Cart 20	1671208430593	1671208430692	OK	 
REQUEST		Grown Ups Toys Category	1671208432694	1671208432895	OK	 
REQUEST		Add Cart 13	1671208434900	1671208435001	OK	 
REQUEST		Add Cart 16	1671208437004	1671208437108	OK	 
REQUEST		Cart View	1671208439110	1671208439235	OK	 
REQUEST		Cart View Redirect 1	1671208439242	1671208439341	OK	 
REQUEST		Login	1671208441354	1671208441475	OK	 
REQUEST		Login Redirect 1	1671208441475	1671208441584	OK	 
REQUEST		Add Cart 20 count	1671208443592	1671208443690	OK	 
REQUEST		Add Cart 20 count Redirect 1	1671208443690	1671208443792	OK	 
REQUEST		Add Cart 20 count	1671208445796	1671208445895	OK	 
REQUEST		Add Cart 20 count Redirect 1	1671208445895	1671208445996	OK	 
REQUEST		Add Cart 20 count	1671208448001	1671208448099	OK	 
REQUEST		Add Cart 20 count Redirect 1	1671208448100	1671208448207	OK	 
REQUEST		Add Cart 13 count	1671208450210	1671208450319	OK	 
REQUEST		Add Cart 13 count Redirect 1	1671208450320	1671208450421	OK	 
REQUEST		Subtract Cart 20	1671208452426	1671208452522	OK	 
REQUEST		Subtract Cart 20 Redirect 1	1671208452523	1671208452626	OK	 
REQUEST		Checkout	1671208454629	1671208454732	OK	 
REQUEST		Checkout Redirect 1	1671208454732	1671208454832	OK	 
REQUEST		Logout	1671208456835	1671208456930	OK	 
REQUEST		Logout Redirect 1	1671208456931	1671208457029	OK	 
USER	AceToysSimulation	END	1671208457035
