RUN	acetoys.AceToysSimulation	acetoyssimulation	1671551555353	test	3.8.4
USER	AceToysSimulation	START	1671551556519
REQUEST		Home Page	1671551556517	1671551556665	OK	 
REQUEST		Our Story Page	1671551558779	1671551558827	OK	 
REQUEST		Get in Touch Page	1671551560832	1671551560882	OK	 
REQUEST		All Products	1671551562903	1671551563005	OK	 
REQUEST		Pagination Category Page 1	1671551565021	1671551565118	OK	 
REQUEST		Pagination Category Page 2	1671551567129	1671551567224	OK	 
REQUEST		Pagination Category Page 3	1671551569232	1671551569283	OK	 
REQUEST		Load Products Details Page - Product: Darts Board	1671551571289	1671551571347	OK	 
REQUEST		Add Cart 20	1671551573351	1671551573406	OK	 
REQUEST		Grown Ups Toys Category	1671551575410	1671551575515	OK	 
REQUEST		Add Cart 13	1671551577524	1671551577581	OK	 
REQUEST		Add Cart 16	1671551579584	1671551579637	OK	 
REQUEST		Cart View	1671551581639	1671551581685	OK	 
REQUEST		Cart View Redirect 1	1671551581689	1671551581735	OK	 
REQUEST		Login	1671551583744	1671551583793	OK	 
REQUEST		Login Redirect 1	1671551583794	1671551583851	OK	 
REQUEST		Add Cart 20 count	1671551585863	1671551585916	OK	 
REQUEST		Add Cart 20 count Redirect 1	1671551585917	1671551585968	OK	 
REQUEST		Add Cart 20 count	1671551587973	1671551588025	OK	 
REQUEST		Add Cart 20 count Redirect 1	1671551588026	1671551588073	OK	 
REQUEST		Add Cart 20 count	1671551590077	1671551590131	OK	 
REQUEST		Add Cart 20 count Redirect 1	1671551590132	1671551590185	OK	 
REQUEST		Add Cart 13 count	1671551592190	1671551592238	OK	 
REQUEST		Add Cart 13 count Redirect 1	1671551592239	1671551592288	OK	 
REQUEST		Subtract Cart 20	1671551594293	1671551594345	OK	 
REQUEST		Subtract Cart 20 Redirect 1	1671551594346	1671551594395	OK	 
REQUEST		Checkout	1671551596401	1671551596447	OK	 
REQUEST		Checkout Redirect 1	1671551596448	1671551596496	OK	 
USER	AceToysSimulation	END	1671551598507
