RUN	acetoys.AceToysSimulation	acetoyssimulation	1671814576251	 	3.8.4
USER	AceToysSimulation	START	1671814578183
REQUEST		Home Page	1671814578181	1671814578488	OK	 
REQUEST		Our Story Page	1671814580598	1671814580872	OK	 
REQUEST		Get in Touch Page	1671814582880	1671814582981	OK	 
REQUEST		All Products	1671814584994	1671814585193	OK	 
REQUEST		Load page 0 of Products - Category: All Products	1671814587214	1671814587443	OK	 
REQUEST		Load page 1 of Products - Category: All Products	1671814587450	1671814587658	OK	 
REQUEST		Load page 2 of Products - Category: All Products	1671814587663	1671814587852	OK	 
REQUEST		Load Products Details Page - Product: PS4 Controller	1671814589858	1671814589965	OK	 
REQUEST		Add Cart PS4 Controller	1671814591971	1671814592078	OK	 
REQUEST		Login User	1671814594091	1671814594198	OK	 
REQUEST		Login User Redirect 1	1671814594206	1671814594315	OK	 
REQUEST		Cart View	1671814594319	1671814594434	OK	 
REQUEST		Cart View Redirect 1	1671814594434	1671814594532	OK	 
REQUEST		Increase Product Quantity in Cart - PS4 Controller	1671814596537	1671814596649	OK	 
REQUEST		Increase Product Quantity in Cart - PS4 Controller Redirect 1	1671814596650	1671814596764	OK	 
REQUEST		Increase Product Quantity in Cart - PS4 Controller Redirect 2	1671814596765	1671814596892	OK	 
REQUEST		Increase Product Quantity in Cart - PS4 Controller	1671814598897	1671814599015	OK	 
REQUEST		Increase Product Quantity in Cart - PS4 Controller Redirect 1	1671814599016	1671814599138	OK	 
REQUEST		Increase Product Quantity in Cart - PS4 Controller Redirect 2	1671814599139	1671814599240	OK	 
REQUEST		Decrease Product Quantity in Cart - PS4 Controller	1671814601247	1671814601344	OK	 
REQUEST		Decrease Product Quantity in Cart - PS4 Controller Redirect 1	1671814601345	1671814601440	KO	css((#grandTotal,None)).find.is($99.98), but actually found nothing
REQUEST		Checkout	1671814603447	1671814603539	OK	 
REQUEST		Checkout Redirect 1	1671814603540	1671814603632	OK	 
USER	AceToysSimulation	END	1671814605643
