RUN	acetoys.AceToysSimulation	acetoyssimulation	1671645064412	d	3.8.4
USER	AceToysSimulation	START	1671645065616
REQUEST		Home Page	1671645065614	1671645065907	OK	 
REQUEST		Our Story Page	1671645068018	1671645068120	OK	 
REQUEST		Get in Touch Page	1671645070129	1671645070224	OK	 
REQUEST		All Products	1671645072242	1671645072432	OK	 
REQUEST		Babies Toys	1671645074449	1671645074644	OK	 
REQUEST		Kids Toys	1671645076654	1671645076845	OK	 
REQUEST		Grown-ups Toys	1671645078854	1671645079055	OK	 
REQUEST		Pagination Category Page 1	1671645081062	1671645081568	OK	 
REQUEST		Pagination Category Page 2	1671645083575	1671645083777	OK	 
REQUEST		Pagination Category Page 3	1671645085784	1671645085888	OK	 
REQUEST		Load Products Details Page - Product: Darts Board	1671645087894	1671645087997	OK	 
REQUEST		Add Cart 19	1671645090001	1671645090103	OK	 
REQUEST		Add Cart 19	1671645092106	1671645092201	OK	 
REQUEST		Add Cart 19	1671645094204	1671645094300	OK	 
REQUEST		Login	1671645096313	1671645096406	OK	 
REQUEST		Login Redirect 1	1671645096411	1671645096510	OK	 
REQUEST		Cart View	1671645096514	1671645096603	OK	 
REQUEST		Cart View Redirect 1	1671645096604	1671645096699	KO	css((#CategoryHeader,None)).find.is(Cart Overview), but actually found Login
REQUEST		Add Cart 20 count	1671645098706	1671645098806	OK	 
REQUEST		Add Cart 20 count Redirect 1	1671645098806	1671645098897	OK	 
REQUEST		Add Cart 20 count Redirect 2	1671645098897	1671645098991	OK	 
REQUEST		Add Cart 20 count	1671645101000	1671645101111	OK	 
REQUEST		Add Cart 20 count Redirect 1	1671645101112	1671645101203	OK	 
REQUEST		Add Cart 20 count Redirect 2	1671645101204	1671645101302	OK	 
REQUEST		Add Cart 20 count	1671645103306	1671645103399	OK	 
REQUEST		Add Cart 20 count Redirect 1	1671645103399	1671645103489	OK	 
REQUEST		Add Cart 20 count Redirect 2	1671645103490	1671645103583	OK	 
REQUEST		Add Cart 13 count	1671645105587	1671645105683	OK	 
REQUEST		Add Cart 13 count Redirect 1	1671645105684	1671645105773	OK	 
REQUEST		Add Cart 13 count Redirect 2	1671645105774	1671645105871	OK	 
REQUEST		Subtract Cart 20	1671645107883	1671645107983	OK	 
REQUEST		Subtract Cart 20 Redirect 1	1671645107984	1671645108086	OK	 
REQUEST		Cart View	1671645108088	1671645108179	OK	 
REQUEST		Cart View Redirect 1	1671645108180	1671645108274	KO	css((#CategoryHeader,None)).find.is(Cart Overview), but actually found Login
REQUEST		Checkout	1671645112281	1671645112381	OK	 
REQUEST		Checkout Redirect 1	1671645112382	1671645112478	OK	 
USER	AceToysSimulation	END	1671645114484
