RUN	acetoys.AceToysSimulation	acetoyssimulation	1671039009597	test	3.8.4
USER	AceToysSimulation	START	1671039011563
REQUEST		Home Page	1671039011560	1671039011714	OK	 
REQUEST		Our Story Page	1671039013816	1671039013869	OK	 
REQUEST		Get in Touch Page	1671039015876	1671039015933	OK	 
REQUEST		All Categories Page	1671039017939	1671039018036	OK	 
REQUEST		Pagination Category Page 1	1671039020053	1671039020156	OK	 
REQUEST		Pagination Category Page 2	1671039022161	1671039022225	OK	 
REQUEST		Add Cart 20	1671039024231	1671039024281	OK	 
REQUEST		Grown Ups Toys Category	1671039026284	1671039026387	OK	 
REQUEST		Add Cart 20	1671039028393	1671039028442	OK	 
REQUEST		Cart View	1671039030444	1671039030492	OK	 
REQUEST		Cart View Redirect 1	1671039030499	1671039030550	OK	 
REQUEST		Login	1671039032561	1671039032612	OK	 
REQUEST		Login Redirect 1	1671039032613	1671039032664	OK	 
REQUEST		Add Cart 20 count	1671039034674	1671039034723	OK	 
REQUEST		Add Cart 20 count Redirect 1	1671039034724	1671039034780	OK	 
REQUEST		Add Cart 20 count	1671039036783	1671039036834	OK	 
REQUEST		Add Cart 20 count Redirect 1	1671039036835	1671039036891	OK	 
REQUEST		Add Cart 20 count	1671039038895	1671039038945	OK	 
REQUEST		Add Cart 20 count Redirect 1	1671039038945	1671039039000	OK	 
REQUEST		Add Cart 13 count	1671039041005	1671039041055	OK	 
REQUEST		Add Cart 13 count Redirect 1	1671039041056	1671039041111	OK	 
REQUEST		Subtract Cart 20	1671039043116	1671039043165	OK	 
REQUEST		Subtract Cart 20 Redirect 1	1671039043166	1671039043218	OK	 
REQUEST		Checkout	1671039045223	1671039045272	OK	 
REQUEST		Checkout Redirect 1	1671039045273	1671039045326	OK	 
REQUEST		Logout	1671039047331	1671039047388	KO	status.find.in([200, 209], 304), found 405
USER	AceToysSimulation	END	1671039047394
