RUN	acetoys.AceToysSimulation	acetoyssimulation	1671049000467	test	3.8.4
USER	AceToysSimulation	START	1671049001420
REQUEST		Home Page	1671049001417	1671049001579	OK	 
REQUEST		Our Story Page	1671049003703	1671049003755	OK	 
REQUEST		Get in Touch Page	1671049005763	1671049005820	OK	 
REQUEST		All Categories Page	1671049007827	1671049007933	KO	j.c.CSSellyException: Invalid combinator <<>. (state: 6)
REQUEST		Pagination Category Page 1	1671049009953	1671049010056	OK	 
REQUEST		Pagination Category Page 2	1671049012072	1671049012175	KO	css((.page-item active,None)).find.is(2), but actually found nothing
REQUEST		Add Cart 20	1671049014180	1671049014238	OK	 
REQUEST		Grown Ups Toys Category	1671049016240	1671049016341	KO	css((#CategoryName,None)).find.is(Babies Toys), but actually found Grown-ups Toys
REQUEST		Add Cart 20	1671049018346	1671049018404	OK	 
REQUEST		Cart View	1671049020406	1671049020462	OK	 
REQUEST		Cart View Redirect 1	1671049020467	1671049020518	OK	 
REQUEST		Login	1671049022529	1671049022585	OK	 
REQUEST		Login Redirect 1	1671049022587	1671049022639	OK	 
REQUEST		Add Cart 20 count	1671049024646	1671049024702	OK	 
REQUEST		Add Cart 20 count Redirect 1	1671049024703	1671049024754	OK	 
REQUEST		Add Cart 20 count	1671049026760	1671049026816	OK	 
REQUEST		Add Cart 20 count Redirect 1	1671049026817	1671049026868	OK	 
REQUEST		Add Cart 20 count	1671049028874	1671049028934	OK	 
REQUEST		Add Cart 20 count Redirect 1	1671049028935	1671049028987	OK	 
REQUEST		Add Cart 13 count	1671049030993	1671049031050	OK	 
REQUEST		Add Cart 13 count Redirect 1	1671049031051	1671049031102	OK	 
REQUEST		Subtract Cart 20	1671049033107	1671049033157	OK	 
REQUEST		Subtract Cart 20 Redirect 1	1671049033158	1671049033209	OK	 
REQUEST		Checkout	1671049035214	1671049035270	OK	 
REQUEST		Checkout Redirect 1	1671049035270	1671049035320	OK	 
REQUEST		Logout	1671049037324	1671049037378	OK	 
REQUEST		Logout Redirect 1	1671049037379	1671049037432	OK	 
USER	AceToysSimulation	END	1671049037438
