RUN	acetoys.AceToysSimulation	acetoyssimulation	1671756930688	 	3.8.4
USER	AceToysSimulation	START	1671756932135
REQUEST		Home Page	1671756932133	1671756932291	OK	 
REQUEST		Our Story Page	1671756934402	1671756934456	OK	 
REQUEST		Get in Touch Page	1671756936462	1671756936511	OK	 
REQUEST		All Products	1671756938527	1671756938628	OK	 
REQUEST		Load page 1 of Products - Category: All Products	1671756940656	1671756940750	OK	 
REQUEST		Load Products Details Page - Product: Brown Teddy Bear	1671756942763	1671756942812	OK	 
REQUEST		Add Cart Brown Teddy Bear	1671756944820	1671756944876	OK	 
REQUEST		Login User	1671756946888	1671756946944	OK	 
REQUEST		Login User Redirect 1	1671756946950	1671756946997	OK	 
REQUEST		Cart View	1671756947003	1671756947049	OK	 
REQUEST		Cart View Redirect 1	1671756947049	1671756947097	OK	 
REQUEST		Increase Product Quantity in Cart - Brown Teddy Bear	1671756949102	1671756949155	OK	 
REQUEST		Increase Product Quantity in Cart - Brown Teddy Bear Redirect 1	1671756949156	1671756949200	OK	 
REQUEST		Increase Product Quantity in Cart - Brown Teddy Bear Redirect 2	1671756949201	1671756949247	OK	 
REQUEST		Increase Product Quantity in Cart - Brown Teddy Bear	1671756951254	1671756951309	OK	 
REQUEST		Increase Product Quantity in Cart - Brown Teddy Bear Redirect 1	1671756951310	1671756951355	OK	 
REQUEST		Increase Product Quantity in Cart - Brown Teddy Bear Redirect 2	1671756951356	1671756951409	OK	 
REQUEST		Decrease Product Quantity in Cart - Brown Teddy Bear	1671756953415	1671756953468	OK	 
REQUEST		Decrease Product Quantity in Cart - Brown Teddy Bear Redirect 1	1671756953469	1671756953519	OK	 
REQUEST		Checkout	1671756955525	1671756955578	OK	 
REQUEST		Checkout Redirect 1	1671756955579	1671756955627	OK	 
USER	AceToysSimulation	END	1671756957637
