RUN	acetoys.AceToysSimulation	acetoyssimulation	1671552081800	test	3.8.4
USER	AceToysSimulation	START	1671552082851
REQUEST		Home Page	1671552082849	1671552082999	OK	 
REQUEST		Our Story Page	1671552085112	1671552085161	OK	 
REQUEST		Get in Touch Page	1671552087168	1671552087217	OK	 
REQUEST		All Products	1671552089232	1671552089324	OK	 
REQUEST		Babies Toys	1671552091354	1671552091451	OK	 
REQUEST		Kids Toys	1671552093461	1671552093556	OK	 
REQUEST		Grown-ups Toys	1671552095565	1671552095656	OK	 
REQUEST		Pagination Category Page 1	1671552097661	1671552097761	OK	 
REQUEST		Pagination Category Page 2	1671552099768	1671552099867	OK	 
REQUEST		Pagination Category Page 3	1671552101873	1671552101930	OK	 
REQUEST		Load Products Details Page - Product: Darts Board	1671552103934	1671552103986	OK	 
REQUEST		Add Cart 20	1671552105992	1671552106039	OK	 
REQUEST		Add Cart 13	1671552108042	1671552108090	OK	 
REQUEST		Add Cart 16	1671552110092	1671552110138	OK	 
REQUEST		Cart View	1671552112140	1671552112186	OK	 
REQUEST		Cart View Redirect 1	1671552112191	1671552112238	OK	 
REQUEST		Login	1671552114248	1671552114295	OK	 
REQUEST		Login Redirect 1	1671552114296	1671552114343	OK	 
REQUEST		Add Cart 20 count	1671552116349	1671552116402	OK	 
REQUEST		Add Cart 20 count Redirect 1	1671552116402	1671552116450	OK	 
REQUEST		Add Cart 20 count	1671552118454	1671552118505	OK	 
REQUEST		Add Cart 20 count Redirect 1	1671552118506	1671552118555	OK	 
REQUEST		Add Cart 20 count	1671552120559	1671552120604	OK	 
REQUEST		Add Cart 20 count Redirect 1	1671552120605	1671552120654	OK	 
REQUEST		Add Cart 13 count	1671552122660	1671552122706	OK	 
REQUEST		Add Cart 13 count Redirect 1	1671552122707	1671552122754	OK	 
REQUEST		Subtract Cart 20	1671552124758	1671552124810	OK	 
REQUEST		Subtract Cart 20 Redirect 1	1671552124810	1671552124859	OK	 
REQUEST		Checkout	1671552126864	1671552126915	OK	 
REQUEST		Checkout Redirect 1	1671552126916	1671552126962	OK	 
USER	AceToysSimulation	END	1671552128971
