RUN	acetoys.AceToysSimulation	acetoyssimulation	1671741724314	 	3.8.4
USER	AceToysSimulation	START	1671741725368
REQUEST		Home Page	1671741725367	1671741725515	OK	 
REQUEST		Our Story Page	1671741727626	1671741727678	OK	 
REQUEST		Get in Touch Page	1671741729686	1671741729737	OK	 
REQUEST		All Products	1671741731754	1671741731853	OK	 
REQUEST		Babies Toys	1671741733871	1671741734071	OK	 
REQUEST		Kids Toys	1671741736080	1671741736178	OK	 
REQUEST		Grown-ups Toys	1671741738189	1671741738283	OK	 
REQUEST		Load Products Details Page - Product: Xbox Controller	1671741742298	1671741742347	OK	 
REQUEST		Add Cart Xbox Controller	1671741744354	1671741744407	OK	 
REQUEST		Login User	1671741746419	1671741746476	OK	 
REQUEST		Login User Redirect 1	1671741746480	1671741746533	OK	 
REQUEST		Cart View	1671741746537	1671741746586	OK	 
REQUEST		Cart View Redirect 1	1671741746587	1671741746640	OK	 
REQUEST		Increase Product Quantity in Cart - Xbox Controller	1671741748646	1671741748692	OK	 
REQUEST		Increase Product Quantity in Cart - Xbox Controller Redirect 1	1671741748693	1671741748738	OK	 
REQUEST		Increase Product Quantity in Cart - Xbox Controller Redirect 2	1671741748739	1671741748786	KO	css((#grandTotal,None)).find.is($99.98), but actually found nothing
REQUEST		Decrease Product Quantity in Cart - Xbox Controller	1671741750791	1671741750837	OK	 
REQUEST		Decrease Product Quantity in Cart - Xbox Controller Redirect 1	1671741750838	1671741750886	KO	css((#grandTotal,None)).find.is($49.99), but actually found nothing
REQUEST		Checkout	1671741752890	1671741752936	OK	 
REQUEST		Checkout Redirect 1	1671741752937	1671741752984	OK	 
USER	AceToysSimulation	END	1671741754994
