RUN	acetoys.AceToysSimulation	acetoyssimulation	1671039083494	test	3.8.4
USER	AceToysSimulation	START	1671039084305
REQUEST		Home Page	1671039084303	1671039084451	OK	 
REQUEST		Our Story Page	1671039086550	1671039086598	OK	 
REQUEST		Get in Touch Page	1671039088604	1671039088653	OK	 
REQUEST		All Categories Page	1671039090659	1671039090759	OK	 
REQUEST		Pagination Category Page 1	1671039092773	1671039092864	OK	 
REQUEST		Pagination Category Page 2	1671039094870	1671039094920	OK	 
REQUEST		Add Cart 20	1671039096924	1671039096974	OK	 
REQUEST		Grown Ups Toys Category	1671039098977	1671039099074	OK	 
REQUEST		Add Cart 20	1671039101080	1671039101127	OK	 
REQUEST		Cart View	1671039103130	1671039103175	OK	 
REQUEST		Cart View Redirect 1	1671039103181	1671039103234	OK	 
REQUEST		Login	1671039105243	1671039105290	OK	 
REQUEST		Login Redirect 1	1671039105291	1671039105343	OK	 
REQUEST		Add Cart 20 count	1671039107352	1671039107399	OK	 
REQUEST		Add Cart 20 count Redirect 1	1671039107400	1671039107446	OK	 
REQUEST		Add Cart 20 count	1671039109450	1671039109496	OK	 
REQUEST		Add Cart 20 count Redirect 1	1671039109497	1671039109544	OK	 
REQUEST		Add Cart 20 count	1671039111548	1671039111602	OK	 
REQUEST		Add Cart 20 count Redirect 1	1671039111603	1671039111652	OK	 
REQUEST		Add Cart 13 count	1671039113658	1671039113712	OK	 
REQUEST		Add Cart 13 count Redirect 1	1671039113713	1671039113764	OK	 
REQUEST		Subtract Cart 20	1671039115769	1671039115819	OK	 
REQUEST		Subtract Cart 20 Redirect 1	1671039115820	1671039115871	OK	 
REQUEST		Checkout	1671039117875	1671039117920	OK	 
REQUEST		Checkout Redirect 1	1671039117921	1671039117969	OK	 
REQUEST		Logout	1671039119975	1671039120025	OK	 
REQUEST		Logout Redirect 1	1671039120026	1671039120072	OK	 
USER	AceToysSimulation	END	1671039120075
