RUN	acetoys.AceToysSimulation	acetoyssimulation	1671048290919	test	3.8.4
USER	AceToysSimulation	START	1671048292323
REQUEST		Home Page	1671048292321	1671048292478	OK	 
REQUEST		Our Story Page	1671048294581	1671048294636	OK	 
REQUEST		Get in Touch Page	1671048296643	1671048296692	OK	 
REQUEST		All Categories Page	1671048298698	1671048298798	KO	j.c.CSSellyException: Invalid combinator <<>. (state: 6)
REQUEST		Pagination Category Page 1	1671048300819	1671048300915	KO	css((CategoryName,None)).find.is(All Products), but actually found nothing
REQUEST		Pagination Category Page 2	1671048302924	1671048302983	KO	css((.page-item active,None)).find.is(2), but actually found nothing
REQUEST		Pagination Category Page 3	1671048304989	1671048305037	KO	css((.page-item active,None)).find.is(3), but actually found nothing
REQUEST		Add Cart 20	1671048307043	1671048307095	OK	 
REQUEST		Grown Ups Toys Category	1671048309098	1671048309194	KO	j.l.IndexOutOfBoundsException
REQUEST		Add Cart 20	1671048311201	1671048311256	OK	 
REQUEST		Cart View	1671048313259	1671048313311	OK	 
REQUEST		Cart View Redirect 1	1671048313316	1671048313367	OK	 
REQUEST		Login	1671048315377	1671048315428	OK	 
REQUEST		Login Redirect 1	1671048315430	1671048315480	OK	 
REQUEST		Add Cart 20 count	1671048317487	1671048317540	OK	 
REQUEST		Add Cart 20 count Redirect 1	1671048317540	1671048317590	OK	 
REQUEST		Add Cart 20 count	1671048319595	1671048319642	OK	 
REQUEST		Add Cart 20 count Redirect 1	1671048319642	1671048319691	OK	 
REQUEST		Add Cart 20 count	1671048321696	1671048321743	OK	 
REQUEST		Add Cart 20 count Redirect 1	1671048321744	1671048321794	OK	 
REQUEST		Add Cart 13 count	1671048323799	1671048323846	OK	 
REQUEST		Add Cart 13 count Redirect 1	1671048323847	1671048323894	OK	 
REQUEST		Subtract Cart 20	1671048325901	1671048325951	OK	 
REQUEST		Subtract Cart 20 Redirect 1	1671048325953	1671048326003	OK	 
REQUEST		Checkout	1671048328007	1671048328052	OK	 
REQUEST		Checkout Redirect 1	1671048328052	1671048328102	OK	 
REQUEST		Logout	1671048330107	1671048330160	OK	 
REQUEST		Logout Redirect 1	1671048330161	1671048330211	OK	 
USER	AceToysSimulation	END	1671048330217
