RUN	acetoys.AceToysSimulation	acetoyssimulation	1671474341447	test	3.8.4
USER	AceToysSimulation	START	1671474342543
REQUEST		Home Page	1671474342540	1671474342729	OK	 
REQUEST		Our Story Page	1671474344840	1671474344905	OK	 
REQUEST		Get in Touch Page	1671474346915	1671474346978	OK	 
REQUEST		All Categories Page	1671474348984	1671474349103	OK	 
REQUEST		Pagination Category Page 1	1671474351122	1671474351240	OK	 
REQUEST		Pagination Category Page 2	1671474353250	1671474353410	OK	 
REQUEST		Pagination Category Page 3	1671474355416	1671474355483	OK	 
REQUEST		Load Products Details Page - Product: Darts Board	1671474357489	1671474357585	OK	 
REQUEST		Add Cart 20	1671474359592	1671474359648	OK	 
REQUEST		Grown Ups Toys Category	1671474361651	1671474361771	OK	 
REQUEST		Add Cart 13	1671474363779	1671474363845	OK	 
REQUEST		Add Cart 16	1671474365848	1671474365906	OK	 
REQUEST		Cart View	1671474367909	1671474367969	OK	 
REQUEST		Cart View Redirect 1	1671474367977	1671474368279	OK	 
REQUEST		Login	1671474370291	1671474370351	OK	 
REQUEST		Login Redirect 1	1671474370352	1671474370411	OK	 
REQUEST		Add Cart 20 count	1671474372420	1671474372484	OK	 
REQUEST		Add Cart 20 count Redirect 1	1671474372485	1671474372544	OK	 
REQUEST		Add Cart 20 count	1671474374549	1671474374602	OK	 
REQUEST		Add Cart 20 count Redirect 1	1671474374603	1671474374661	OK	 
REQUEST		Add Cart 20 count	1671474376666	1671474376727	OK	 
REQUEST		Add Cart 20 count Redirect 1	1671474376728	1671474376788	OK	 
REQUEST		Add Cart 13 count	1671474378794	1671474379028	OK	 
REQUEST		Add Cart 13 count Redirect 1	1671474379029	1671474379162	OK	 
REQUEST		Subtract Cart 20	1671474381167	1671474381225	OK	 
REQUEST		Subtract Cart 20 Redirect 1	1671474381226	1671474381283	OK	 
REQUEST		Checkout	1671474383288	1671474383344	OK	 
REQUEST		Checkout Redirect 1	1671474383345	1671474383405	OK	 
USER	AceToysSimulation	END	1671474385414
