RUN	acetoys.AceToysSimulation	acetoyssimulation	1671656824162	d	3.8.4
USER	AceToysSimulation	START	1671656825465
REQUEST		Home Page	1671656825463	1671656825618	OK	 
REQUEST		Our Story Page	1671656827732	1671656827788	OK	 
REQUEST		Get in Touch Page	1671656829797	1671656829852	OK	 
REQUEST		All Products	1671656831872	1671656831969	OK	 
REQUEST		Babies Toys	1671656833989	1671656834086	OK	 
REQUEST		Kids Toys	1671656836096	1671656836184	OK	 
REQUEST		Grown-ups Toys	1671656838193	1671656838283	OK	 
REQUEST		Load Products Details Page - Product: Vintage Minature Car	1671656842302	1671656842352	OK	 
REQUEST		Add Cart 1	1671656844370	1671656844419	KO	Check extractor resolution crashed: No attribute named 'itemsInBascket' is defined
REQUEST		Add Cart 1	1671656846423	1671656846470	KO	Check extractor resolution crashed: No attribute named 'itemsInBascket' is defined
REQUEST		Add Cart 1	1671656848473	1671656848522	KO	Check extractor resolution crashed: No attribute named 'itemsInBascket' is defined
REQUEST		Login	1671656850532	1671656850586	OK	 
REQUEST		Login Redirect 1	1671656850591	1671656850639	OK	 
REQUEST		Cart View	1671656850643	1671656850688	OK	 
REQUEST		Cart View Redirect 1	1671656850689	1671656850739	OK	 
REQUEST		Add Cart 20 count	1671656852745	1671656852791	OK	 
REQUEST		Add Cart 20 count Redirect 1	1671656852792	1671656852837	OK	 
REQUEST		Add Cart 20 count Redirect 2	1671656852838	1671656852887	OK	 
REQUEST		Add Cart 20 count	1671656854892	1671656854939	OK	 
REQUEST		Add Cart 20 count Redirect 1	1671656854939	1671656854984	OK	 
REQUEST		Add Cart 20 count Redirect 2	1671656854985	1671656855033	OK	 
REQUEST		Add Cart 20 count	1671656857037	1671656857094	OK	 
REQUEST		Add Cart 20 count Redirect 1	1671656857095	1671656857139	OK	 
REQUEST		Add Cart 20 count Redirect 2	1671656857140	1671656857188	OK	 
REQUEST		Add Cart 13 count	1671656859193	1671656859459	OK	 
REQUEST		Add Cart 13 count Redirect 1	1671656859459	1671656859503	OK	 
REQUEST		Add Cart 13 count Redirect 2	1671656859504	1671656859551	OK	 
REQUEST		Subtract Cart 20	1671656861555	1671656861601	OK	 
REQUEST		Subtract Cart 20 Redirect 1	1671656861602	1671656861651	OK	 
REQUEST		Cart View	1671656861654	1671656861699	OK	 
REQUEST		Cart View Redirect 1	1671656861700	1671656861747	OK	 
REQUEST		Checkout	1671656865752	1671656865797	OK	 
REQUEST		Checkout Redirect 1	1671656865797	1671656865842	OK	 
REQUEST		Logout	1671656867851	1671656867895	OK	 
REQUEST		Logout Redirect 1	1671656867896	1671656867941	OK	 
USER	AceToysSimulation	END	1671656867947
