RUN	acetoys.AceToysSimulation	acetoyssimulation	1671759386370	 	3.8.4
USER	AceToysSimulation	START	1671759387571
REQUEST		Home Page	1671759387569	1671759387731	OK	 
REQUEST		Our Story Page	1671759389843	1671759390115	OK	 
REQUEST		Get in Touch Page	1671759392122	1671759392169	OK	 
REQUEST		All Products	1671759394185	1671759394281	OK	 
REQUEST		Load page 0 of Products - Category: All Products	1671759396305	1671759396419	OK	 
REQUEST		Load page 1 of Products - Category: All Products	1671759396430	1671759396480	OK	 
REQUEST		Load page 2 of Products - Category: All Products	1671759396487	1671759396535	OK	 
REQUEST		Load Products Details Page - Product: Darts Board	1671759398543	1671759398596	OK	 
REQUEST		Add Cart Darts Board	1671759400603	1671759400674	OK	 
REQUEST		Login User	1671759402686	1671759402735	OK	 
REQUEST		Login User Redirect 1	1671759402740	1671759402786	OK	 
REQUEST		Cart View	1671759402792	1671759402837	OK	 
REQUEST		Cart View Redirect 1	1671759402838	1671759402888	OK	 
REQUEST		Increase Product Quantity in Cart - Darts Board	1671759404892	1671759404941	OK	 
REQUEST		Increase Product Quantity in Cart - Darts Board Redirect 1	1671759404942	1671759404988	OK	 
REQUEST		Increase Product Quantity in Cart - Darts Board Redirect 2	1671759404989	1671759405039	OK	 
REQUEST		Increase Product Quantity in Cart - Darts Board	1671759407044	1671759407093	OK	 
REQUEST		Increase Product Quantity in Cart - Darts Board Redirect 1	1671759407094	1671759407139	OK	 
REQUEST		Increase Product Quantity in Cart - Darts Board Redirect 2	1671759407140	1671759407189	OK	 
REQUEST		Decrease Product Quantity in Cart - Darts Board	1671759409194	1671759409242	OK	 
REQUEST		Decrease Product Quantity in Cart - Darts Board Redirect 1	1671759409243	1671759409290	OK	 
REQUEST		Checkout	1671759411295	1671759411340	OK	 
REQUEST		Checkout Redirect 1	1671759411341	1671759411390	OK	 
USER	AceToysSimulation	END	1671759413400
