RUN	acetoys.AceToysSimulation	acetoyssimulation	1671048591850	test	3.8.4
USER	AceToysSimulation	START	1671048592716
REQUEST		Home Page	1671048592714	1671048592874	OK	 
REQUEST		Our Story Page	1671048594975	1671048595031	OK	 
REQUEST		Get in Touch Page	1671048597039	1671048597090	OK	 
REQUEST		All Categories Page	1671048599096	1671048599196	KO	j.c.CSSellyException: Invalid combinator <<>. (state: 6)
REQUEST		Pagination Category Page 1	1671048601215	1671048601316	KO	css((CategoryName,None)).find.is(All Products), but actually found nothing
REQUEST		Pagination Category Page 2	1671048603324	1671048603380	KO	css((.page-item active,None)).find.is(2), but actually found nothing
REQUEST		Add Cart 20	1671048605384	1671048605440	OK	 
REQUEST		Grown Ups Toys Category	1671048607443	1671048607536	KO	j.l.IndexOutOfBoundsException
REQUEST		Add Cart 20	1671048609542	1671048609597	OK	 
REQUEST		Cart View	1671048611600	1671048611646	OK	 
REQUEST		Cart View Redirect 1	1671048611651	1671048611701	OK	 
REQUEST		Login	1671048613713	1671048613769	OK	 
REQUEST		Login Redirect 1	1671048613770	1671048613819	OK	 
REQUEST		Add Cart 20 count	1671048615825	1671048615872	OK	 
REQUEST		Add Cart 20 count Redirect 1	1671048615873	1671048615921	OK	 
REQUEST		Add Cart 20 count	1671048617927	1671048617980	OK	 
REQUEST		Add Cart 20 count Redirect 1	1671048617981	1671048618028	OK	 
REQUEST		Add Cart 20 count	1671048620033	1671048620087	OK	 
REQUEST		Add Cart 20 count Redirect 1	1671048620088	1671048620137	OK	 
REQUEST		Add Cart 13 count	1671048622142	1671048622203	OK	 
REQUEST		Add Cart 13 count Redirect 1	1671048622204	1671048622254	OK	 
REQUEST		Subtract Cart 20	1671048624258	1671048624306	OK	 
REQUEST		Subtract Cart 20 Redirect 1	1671048624307	1671048624355	OK	 
REQUEST		Checkout	1671048626360	1671048626413	OK	 
REQUEST		Checkout Redirect 1	1671048626414	1671048626464	OK	 
REQUEST		Logout	1671048628468	1671048628521	OK	 
REQUEST		Logout Redirect 1	1671048628522	1671048628569	OK	 
USER	AceToysSimulation	END	1671048628573
