RUN	acetoys.AceToysSimulation	acetoyssimulation	1671645216992	f	3.8.4
USER	AceToysSimulation	START	1671645218288
REQUEST		Home Page	1671645218286	1671645218584	OK	 
REQUEST		Our Story Page	1671645220701	1671645220803	OK	 
REQUEST		Get in Touch Page	1671645222809	1671645222910	OK	 
REQUEST		All Products	1671645224929	1671645225125	OK	 
REQUEST		Babies Toys	1671645227148	1671645227344	OK	 
REQUEST		Kids Toys	1671645229355	1671645229548	OK	 
REQUEST		Grown-ups Toys	1671645231556	1671645231756	OK	 
REQUEST		Pagination Category Page 1	1671645233761	1671645233966	OK	 
REQUEST		Pagination Category Page 2	1671645235971	1671645236172	OK	 
REQUEST		Pagination Category Page 3	1671645238178	1671645238276	OK	 
REQUEST		Load Products Details Page - Product: Playing Cards	1671645240282	1671645240380	OK	 
REQUEST		Add Cart 21	1671645242384	1671645242785	OK	 
REQUEST		Add Cart 21	1671645244788	1671645244882	OK	 
REQUEST		Add Cart 21	1671645246884	1671645246985	OK	 
REQUEST		Login	1671645248997	1671645249100	OK	 
REQUEST		Login Redirect 1	1671645249104	1671645249198	OK	 
REQUEST		Cart View	1671645249202	1671645249293	OK	 
REQUEST		Cart View Redirect 1	1671645249293	1671645249392	KO	css((#CategoryHeader,None)).find.is(Cart Overview), but actually found Login
REQUEST		Add Cart 20 count	1671645251396	1671645251496	OK	 
REQUEST		Add Cart 20 count Redirect 1	1671645251496	1671645251588	OK	 
REQUEST		Add Cart 20 count Redirect 2	1671645251588	1671645251696	OK	 
REQUEST		Add Cart 20 count	1671645253699	1671645253792	OK	 
REQUEST		Add Cart 20 count Redirect 1	1671645253793	1671645253883	OK	 
REQUEST		Add Cart 20 count Redirect 2	1671645253884	1671645253977	OK	 
REQUEST		Add Cart 20 count	1671645255982	1671645256084	OK	 
REQUEST		Add Cart 20 count Redirect 1	1671645256085	1671645256176	OK	 
REQUEST		Add Cart 20 count Redirect 2	1671645256176	1671645256269	OK	 
REQUEST		Add Cart 13 count	1671645258272	1671645258374	OK	 
REQUEST		Add Cart 13 count Redirect 1	1671645258375	1671645258466	OK	 
REQUEST		Add Cart 13 count Redirect 2	1671645258467	1671645258560	OK	 
REQUEST		Subtract Cart 20	1671645260565	1671645260664	OK	 
REQUEST		Subtract Cart 20 Redirect 1	1671645260665	1671645260765	OK	 
REQUEST		Cart View	1671645260768	1671645260859	OK	 
REQUEST		Cart View Redirect 1	1671645260859	1671645260956	KO	css((#CategoryHeader,None)).find.is(Cart Overview), but actually found Login
REQUEST		Checkout	1671645264962	1671645265063	OK	 
REQUEST		Checkout Redirect 1	1671645265064	1671645265165	OK	 
USER	AceToysSimulation	END	1671645267175
