RUN	acetoys.AceToysSimulation	acetoyssimulation	1671448957856	test	3.8.4
USER	AceToysSimulation	START	1671448959176
REQUEST		Home Page	1671448959174	1671448959462	OK	 
REQUEST		Our Story Page	1671448961569	1671448961663	OK	 
REQUEST		Get in Touch Page	1671448963670	1671448963763	OK	 
REQUEST		All Categories Page	1671448965768	1671448966166	OK	 
REQUEST		Pagination Category Page 1	1671448968182	1671448968370	OK	 
REQUEST		Pagination Category Page 2	1671448970379	1671448970570	OK	 
REQUEST		Pagination Category Page 3	1671448972575	1671448972670	OK	 
REQUEST		Load Products Details Page - Product: Darts Board	1671448974676	1671448974771	OK	 
REQUEST		Add Cart 20	1671448976777	1671448976875	OK	 
REQUEST		Grown Ups Toys Category	1671448978879	1671448979062	OK	 
REQUEST		Add Cart 13	1671448981067	1671448981161	OK	 
REQUEST		Add Cart 16	1671448983164	1671448983257	OK	 
REQUEST		Cart View	1671448985260	1671448985350	OK	 
REQUEST		Cart View Redirect 1	1671448985354	1671448985447	KO	css((#CategoryHeader,None)).find.is(Cart Overview), but actually found Login
REQUEST		Login	1671448987457	1671448987556	OK	 
REQUEST		Login Redirect 1	1671448987556	1671448987657	OK	 
REQUEST		Add Cart 20 count	1671448989664	1671448989756	OK	 
REQUEST		Add Cart 20 count Redirect 1	1671448989757	1671448989851	OK	 
REQUEST		Add Cart 20 count	1671448991856	1671448991952	OK	 
REQUEST		Add Cart 20 count Redirect 1	1671448991953	1671448992050	OK	 
REQUEST		Add Cart 20 count	1671448994055	1671448994149	OK	 
REQUEST		Add Cart 20 count Redirect 1	1671448994149	1671448994244	OK	 
REQUEST		Add Cart 13 count	1671448996247	1671448996342	OK	 
REQUEST		Add Cart 13 count Redirect 1	1671448996343	1671448996437	KO	j.l.IndexOutOfBoundsException
REQUEST		Subtract Cart 20	1671448998447	1671448998541	OK	 
REQUEST		Subtract Cart 20 Redirect 1	1671448998542	1671448998636	OK	 
REQUEST		Checkout	1671449000641	1671449000732	OK	 
REQUEST		Checkout Redirect 1	1671449000733	1671449000825	OK	 
REQUEST		Logout	1671449002828	1671449002923	OK	 
REQUEST		Logout Redirect 1	1671449002924	1671449003042	OK	 
USER	AceToysSimulation	END	1671449003049
